N=2 k=1: 2x2 itercnt: 2 PASS (kN-by-kN, kkN) TOP
 root=2
N=2 k=2: 4x4 itercnt: 8 PASS (kN-by-kN, kkN) TOP
 root=4
N=2 k=3: 6x6 itercnt: 18 PASS (kN-by-kN, kkN) TOP
 root=6
N=2 k=4: 8x8 itercnt: 32 PASS (kN-by-kN, kkN) TOP
 root=8
N=2 k=5: 10x10 itercnt: 50 PASS (kN-by-kN, kkN) TOP
 root=10
N=3 k=1: 3x3 itercnt: 3 PASS (kN-by-kN, kkN) BOTTOM
 root=3
N=3 k=2: 6x6 itercnt: 12 PASS (kN-by-kN, kkN) TOP
 root=6
N=3 k=3: 9x9 itercnt: 27 PASS (kN-by-kN, kkN) BOTTOM
 root=9
N=3 k=4: 12x12 itercnt: 48 PASS (kN-by-kN, kkN) TOP
 root=12
N=3 k=5: 15x15 itercnt: 75 PASS (kN-by-kN, kkN) BOTTOM
 root=15
N=4 k=1: 2x2 itercnt: 1 PASS (kN/2-by-kN/2, kkN/4) TOP
 root=2
N=4 k=2: 4x4 itercnt: 4 PASS (kN/2-by-kN/2, kkN/4) TOP
 root=4
N=4 k=3: 6x6 itercnt: 9 PASS (kN/2-by-kN/2, kkN/4) TOP
 root=6
N=4 k=4: 8x8 itercnt: 16 PASS (kN/2-by-kN/2, kkN/4) TOP
 root=8
N=4 k=5: 10x10 itercnt: 25 PASS (kN/2-by-kN/2, kkN/4) TOP
 root=10
N=5 k=1: 5x5 itercnt: 5 PASS (kN-by-kN, kkN) BOTTOM
 root=5
N=5 k=2: 10x10 itercnt: 20 PASS (kN-by-kN, kkN) TOP
 root=10
N=5 k=3: 15x15 itercnt: 45 PASS (kN-by-kN, kkN) BOTTOM
 root=15
N=5 k=4: 20x20 itercnt: 80 PASS (kN-by-kN, kkN) TOP
 root=20
N=5 k=5: 25x25 itercnt: 125 PASS (kN-by-kN, kkN) BOTTOM
 root=25
N=6 k=1: 6x6 itercnt: 6 PASS (kN-by-kN, kkN) TOP
 root=6
N=6 k=2: 12x12 itercnt: 24 PASS (kN-by-kN, kkN) TOP
 root=12
N=6 k=3: 18x18 itercnt: 54 PASS (kN-by-kN, kkN) TOP
 root=18
N=6 k=4: 24x24 itercnt: 96 PASS (kN-by-kN, kkN) TOP
 root=24
N=6 k=5: 30x30 itercnt: 150 PASS (kN-by-kN, kkN) TOP
 root=30
N=7 k=1: 7x7 itercnt: 7 PASS (kN-by-kN, kkN) BOTTOM
 root=7
N=7 k=2: 14x14 itercnt: 28 PASS (kN-by-kN, kkN) TOP
 root=14
N=7 k=3: 21x21 itercnt: 63 PASS (kN-by-kN, kkN) BOTTOM
 root=21
N=7 k=4: 28x28 itercnt: 112 PASS (kN-by-kN, kkN) TOP
 root=28
N=7 k=5: 35x35 itercnt: 175 PASS (kN-by-kN, kkN) BOTTOM
 root=35
N=8 k=1: 4x4 itercnt: 2 PASS (kN/2-by-kN/2, kkN/4) TOP
 root=4
N=8 k=2: 8x8 itercnt: 8 PASS (kN/2-by-kN/2, kkN/4) TOP
 root=8
N=8 k=3: 12x12 itercnt: 18 PASS (kN/2-by-kN/2, kkN/4) TOP
 root=12
N=8 k=4: 16x16 itercnt: 32 PASS (kN/2-by-kN/2, kkN/4) TOP
 root=16
N=8 k=5: 20x20 itercnt: 50 PASS (kN/2-by-kN/2, kkN/4) TOP
 root=20
N=9 k=1: 3x3 itercnt: 1 FAIL (kN-by-kN, kkN) BOTTOM
 root=3
N=9 k=2: 6x6 itercnt: 4 FAIL (kN-by-kN, kkN) TOP
 root=6
N=9 k=3: 9x9 itercnt: 9 FAIL (kN-by-kN, kkN) BOTTOM
 root=9
N=9 k=4: 12x12 itercnt: 16 FAIL (kN-by-kN, kkN) TOP
 root=12
N=9 k=5: 15x15 itercnt: 25 FAIL (kN-by-kN, kkN) BOTTOM
 root=15
N=10 k=1: 10x10 itercnt: 10 PASS (kN-by-kN, kkN) TOP
 root=10
N=10 k=2: 20x20 itercnt: 40 PASS (kN-by-kN, kkN) TOP
 root=20
N=10 k=3: 30x30 itercnt: 90 PASS (kN-by-kN, kkN) TOP
 root=30
N=10 k=4: 40x40 itercnt: 160 PASS (kN-by-kN, kkN) TOP
 root=40
N=10 k=5: 50x50 itercnt: 250 PASS (kN-by-kN, kkN) TOP
 root=50
N=11 k=1: 11x11 itercnt: 11 PASS (kN-by-kN, kkN) BOTTOM
 root=11
N=11 k=2: 22x22 itercnt: 44 PASS (kN-by-kN, kkN) TOP
 root=22
N=11 k=3: 33x33 itercnt: 99 PASS (kN-by-kN, kkN) BOTTOM
 root=33
N=11 k=4: 44x44 itercnt: 176 PASS (kN-by-kN, kkN) TOP
 root=44
N=11 k=5: 55x55 itercnt: 275 PASS (kN-by-kN, kkN) BOTTOM
 root=55
N=12 k=1: 6x6 itercnt: 3 PASS (kN/2-by-kN/2, kkN/4) TOP
 root=6
N=12 k=2: 12x12 itercnt: 12 PASS (kN/2-by-kN/2, kkN/4) TOP
 root=12
N=12 k=3: 18x18 itercnt: 27 PASS (kN/2-by-kN/2, kkN/4) TOP
 root=18
N=12 k=4: 24x24 itercnt: 48 PASS (kN/2-by-kN/2, kkN/4) TOP
 root=24
N=12 k=5: 30x30 itercnt: 75 PASS (kN/2-by-kN/2, kkN/4) TOP
 root=30
N=13 k=1: 13x13 itercnt: 13 PASS (kN-by-kN, kkN) BOTTOM
 root=13
N=13 k=2: 26x26 itercnt: 52 PASS (kN-by-kN, kkN) TOP
 root=26
N=13 k=3: 39x39 itercnt: 117 PASS (kN-by-kN, kkN) BOTTOM
 root=39
N=13 k=4: 52x52 itercnt: 208 PASS (kN-by-kN, kkN) TOP
 root=52
N=13 k=5: 65x65 itercnt: 325 PASS (kN-by-kN, kkN) BOTTOM
 root=65
N=14 k=1: 14x14 itercnt: 14 PASS (kN-by-kN, kkN) TOP
 root=14
N=14 k=2: 28x28 itercnt: 56 PASS (kN-by-kN, kkN) TOP
 root=28
N=14 k=3: 42x42 itercnt: 126 PASS (kN-by-kN, kkN) TOP
 root=42
N=14 k=4: 56x56 itercnt: 224 PASS (kN-by-kN, kkN) TOP
 root=56
N=14 k=5: 70x70 itercnt: 350 PASS (kN-by-kN, kkN) TOP
 root=70
N=15 k=1: 15x15 itercnt: 15 PASS (kN-by-kN, kkN) BOTTOM
 root=15
N=15 k=2: 30x30 itercnt: 60 PASS (kN-by-kN, kkN) TOP
 root=30
N=15 k=3: 45x45 itercnt: 135 PASS (kN-by-kN, kkN) BOTTOM
 root=45
N=15 k=4: 60x60 itercnt: 240 PASS (kN-by-kN, kkN) TOP
 root=60
N=15 k=5: 75x75 itercnt: 375 PASS (kN-by-kN, kkN) BOTTOM
 root=75
N=16 k=1: 4x4 itercnt: 1 FAIL (kN/2-by-kN/2, kkN/4) TOP
 root=4
N=16 k=2: 8x8 itercnt: 4 FAIL (kN/2-by-kN/2, kkN/4) TOP
 root=8
N=16 k=3: 12x12 itercnt: 9 FAIL (kN/2-by-kN/2, kkN/4) TOP
 root=12
N=16 k=4: 16x16 itercnt: 16 FAIL (kN/2-by-kN/2, kkN/4) TOP
 root=16
N=16 k=5: 20x20 itercnt: 25 FAIL (kN/2-by-kN/2, kkN/4) TOP
 root=20
N=17 k=1: 17x17 itercnt: 17 PASS (kN-by-kN, kkN) BOTTOM
 root=17
N=17 k=2: 34x34 itercnt: 68 PASS (kN-by-kN, kkN) TOP
 root=34
N=17 k=3: 51x51 itercnt: 153 PASS (kN-by-kN, kkN) BOTTOM
 root=51
N=17 k=4: 68x68 itercnt: 272 PASS (kN-by-kN, kkN) TOP
 root=68
N=17 k=5: 85x85 itercnt: 425 PASS (kN-by-kN, kkN) BOTTOM
 root=85
N=18 k=1: 6x6 itercnt: 2 FAIL (kN-by-kN, kkN) TOP
 root=6
N=18 k=2: 12x12 itercnt: 8 FAIL (kN-by-kN, kkN) TOP
 root=12
N=18 k=3: 18x18 itercnt: 18 FAIL (kN-by-kN, kkN) TOP
 root=18
N=18 k=4: 24x24 itercnt: 32 FAIL (kN-by-kN, kkN) TOP
 root=24
N=18 k=5: 30x30 itercnt: 50 FAIL (kN-by-kN, kkN) TOP
 root=30
N=19 k=1: 19x19 itercnt: 19 PASS (kN-by-kN, kkN) BOTTOM
 root=19
N=19 k=2: 38x38 itercnt: 76 PASS (kN-by-kN, kkN) TOP
 root=38
N=19 k=3: 57x57 itercnt: 171 PASS (kN-by-kN, kkN) BOTTOM
 root=57
N=19 k=4: 76x76 itercnt: 304 PASS (kN-by-kN, kkN) TOP
 root=76
N=19 k=5: 95x95 itercnt: 475 PASS (kN-by-kN, kkN) BOTTOM
 root=95
N=20 k=1: 10x10 itercnt: 5 PASS (kN/2-by-kN/2, kkN/4) TOP
 root=10
N=20 k=2: 20x20 itercnt: 20 PASS (kN/2-by-kN/2, kkN/4) TOP
 root=20
N=20 k=3: 30x30 itercnt: 45 PASS (kN/2-by-kN/2, kkN/4) TOP
 root=30
N=20 k=4: 40x40 itercnt: 80 PASS (kN/2-by-kN/2, kkN/4) TOP
 root=40
N=20 k=5: 50x50 itercnt: 125 PASS (kN/2-by-kN/2, kkN/4) TOP
 root=50
N=21 k=1: 21x21 itercnt: 21 PASS (kN-by-kN, kkN) BOTTOM
 root=21
N=21 k=2: 42x42 itercnt: 84 PASS (kN-by-kN, kkN) TOP
 root=42
N=21 k=3: 63x63 itercnt: 189 PASS (kN-by-kN, kkN) BOTTOM
 root=63
N=21 k=4: 84x84 itercnt: 336 PASS (kN-by-kN, kkN) TOP
 root=84
N=21 k=5: 105x105 itercnt: 525 PASS (kN-by-kN, kkN) BOTTOM
 root=105
N=22 k=1: 22x22 itercnt: 22 PASS (kN-by-kN, kkN) TOP
 root=22
N=22 k=2: 44x44 itercnt: 88 PASS (kN-by-kN, kkN) TOP
 root=44
N=22 k=3: 66x66 itercnt: 198 PASS (kN-by-kN, kkN) TOP
 root=66
N=22 k=4: 88x88 itercnt: 352 PASS (kN-by-kN, kkN) TOP
 root=88
N=22 k=5: 110x110 itercnt: 550 PASS (kN-by-kN, kkN) TOP
 root=110
N=23 k=1: 23x23 itercnt: 23 PASS (kN-by-kN, kkN) BOTTOM
 root=23
N=23 k=2: 46x46 itercnt: 92 PASS (kN-by-kN, kkN) TOP
 root=46
N=23 k=3: 69x69 itercnt: 207 PASS (kN-by-kN, kkN) BOTTOM
 root=69
N=23 k=4: 92x92 itercnt: 368 PASS (kN-by-kN, kkN) TOP
 root=92
N=23 k=5: 115x115 itercnt: 575 PASS (kN-by-kN, kkN) BOTTOM
 root=115
N=24 k=1: 12x12 itercnt: 6 PASS (kN/2-by-kN/2, kkN/4) TOP
 root=12
N=24 k=2: 24x24 itercnt: 24 PASS (kN/2-by-kN/2, kkN/4) TOP
 root=24
N=24 k=3: 36x36 itercnt: 54 PASS (kN/2-by-kN/2, kkN/4) TOP
 root=36
N=24 k=4: 48x48 itercnt: 96 PASS (kN/2-by-kN/2, kkN/4) TOP
 root=48
N=24 k=5: 60x60 itercnt: 150 PASS (kN/2-by-kN/2, kkN/4) TOP
 root=60
N=25 k=1: 5x5 itercnt: 1 FAIL (kN-by-kN, kkN) BOTTOM
 root=5
N=25 k=2: 10x10 itercnt: 4 FAIL (kN-by-kN, kkN) TOP
 root=10
N=25 k=3: 15x15 itercnt: 9 FAIL (kN-by-kN, kkN) BOTTOM
 root=15
N=25 k=4: 20x20 itercnt: 16 FAIL (kN-by-kN, kkN) TOP
 root=20
N=25 k=5: 25x25 itercnt: 25 FAIL (kN-by-kN, kkN) BOTTOM
 root=25
N=26 k=1: 26x26 itercnt: 26 PASS (kN-by-kN, kkN) TOP
 root=26
N=26 k=2: 52x52 itercnt: 104 PASS (kN-by-kN, kkN) TOP
 root=52
N=26 k=3: 78x78 itercnt: 234 PASS (kN-by-kN, kkN) TOP
 root=78
N=26 k=4: 104x104 itercnt: 416 PASS (kN-by-kN, kkN) TOP
 root=104
N=26 k=5: 130x130 itercnt: 650 PASS (kN-by-kN, kkN) TOP
 root=130
N=27 k=1: 9x9 itercnt: 3 FAIL (kN-by-kN, kkN) BOTTOM
 root=9
N=27 k=2: 18x18 itercnt: 12 FAIL (kN-by-kN, kkN) TOP
 root=18
N=27 k=3: 27x27 itercnt: 27 FAIL (kN-by-kN, kkN) BOTTOM
 root=27
N=27 k=4: 36x36 itercnt: 48 FAIL (kN-by-kN, kkN) TOP
 root=36
N=27 k=5: 45x45 itercnt: 75 FAIL (kN-by-kN, kkN) BOTTOM
 root=45
N=28 k=1: 14x14 itercnt: 7 PASS (kN/2-by-kN/2, kkN/4) TOP
 root=14
N=28 k=2: 28x28 itercnt: 28 PASS (kN/2-by-kN/2, kkN/4) TOP
 root=28
N=28 k=3: 42x42 itercnt: 63 PASS (kN/2-by-kN/2, kkN/4) TOP
 root=42
N=28 k=4: 56x56 itercnt: 112 PASS (kN/2-by-kN/2, kkN/4) TOP
 root=56
N=28 k=5: 70x70 itercnt: 175 PASS (kN/2-by-kN/2, kkN/4) TOP
 root=70
N=29 k=1: 29x29 itercnt: 29 PASS (kN-by-kN, kkN) BOTTOM
 root=29
N=29 k=2: 58x58 itercnt: 116 PASS (kN-by-kN, kkN) TOP
 root=58
N=29 k=3: 87x87 itercnt: 261 PASS (kN-by-kN, kkN) BOTTOM
 root=87
N=29 k=4: 116x116 itercnt: 464 PASS (kN-by-kN, kkN) TOP
 root=116
N=29 k=5: 145x145 itercnt: 725 PASS (kN-by-kN, kkN) BOTTOM
 root=145
N=30 k=1: 30x30 itercnt: 30 PASS (kN-by-kN, kkN) TOP
 root=30
N=30 k=2: 60x60 itercnt: 120 PASS (kN-by-kN, kkN) TOP
 root=60
N=30 k=3: 90x90 itercnt: 270 PASS (kN-by-kN, kkN) TOP
 root=90
N=30 k=4: 120x120 itercnt: 480 PASS (kN-by-kN, kkN) TOP
 root=120
N=30 k=5: 150x150 itercnt: 750 PASS (kN-by-kN, kkN) TOP
 root=150
N=31 k=1: 31x31 itercnt: 31 PASS (kN-by-kN, kkN) BOTTOM
 root=31
N=31 k=2: 62x62 itercnt: 124 PASS (kN-by-kN, kkN) TOP
 root=62
N=31 k=3: 93x93 itercnt: 279 PASS (kN-by-kN, kkN) BOTTOM
 root=93
N=31 k=4: 124x124 itercnt: 496 PASS (kN-by-kN, kkN) TOP
 root=124
N=31 k=5: 155x155 itercnt: 775 PASS (kN-by-kN, kkN) BOTTOM
 root=155
N=32 k=1: 8x8 itercnt: 2 FAIL (kN/2-by-kN/2, kkN/4) TOP
 root=8
N=32 k=2: 16x16 itercnt: 8 FAIL (kN/2-by-kN/2, kkN/4) TOP
 root=16
N=32 k=3: 24x24 itercnt: 18 FAIL (kN/2-by-kN/2, kkN/4) TOP
 root=24
N=32 k=4: 32x32 itercnt: 32 FAIL (kN/2-by-kN/2, kkN/4) TOP
 root=32
N=32 k=5: 40x40 itercnt: 50 FAIL (kN/2-by-kN/2, kkN/4) TOP
 root=40
N=33 k=1: 33x33 itercnt: 33 PASS (kN-by-kN, kkN) BOTTOM
 root=33
N=33 k=2: 66x66 itercnt: 132 PASS (kN-by-kN, kkN) TOP
 root=66
N=33 k=3: 99x99 itercnt: 297 PASS (kN-by-kN, kkN) BOTTOM
 root=99
N=33 k=4: 132x132 itercnt: 528 PASS (kN-by-kN, kkN) TOP
 root=132
N=33 k=5: 165x165 itercnt: 825 PASS (kN-by-kN, kkN) BOTTOM
 root=165
N=34 k=1: 34x34 itercnt: 34 PASS (kN-by-kN, kkN) TOP
 root=34
N=34 k=2: 68x68 itercnt: 136 PASS (kN-by-kN, kkN) TOP
 root=68
N=34 k=3: 102x102 itercnt: 306 PASS (kN-by-kN, kkN) TOP
 root=102
N=34 k=4: 136x136 itercnt: 544 PASS (kN-by-kN, kkN) TOP
 root=136
N=34 k=5: 170x170 itercnt: 850 PASS (kN-by-kN, kkN) TOP
 root=170
N=35 k=1: 35x35 itercnt: 35 PASS (kN-by-kN, kkN) BOTTOM
 root=35
N=35 k=2: 70x70 itercnt: 140 PASS (kN-by-kN, kkN) TOP
 root=70
N=35 k=3: 105x105 itercnt: 315 PASS (kN-by-kN, kkN) BOTTOM
 root=105
N=35 k=4: 140x140 itercnt: 560 PASS (kN-by-kN, kkN) TOP
 root=140
N=35 k=5: 175x175 itercnt: 875 PASS (kN-by-kN, kkN) BOTTOM
 root=175
N=36 k=1: 6x6 itercnt: 1 FAIL (kN/2-by-kN/2, kkN/4) TOP
 root=6
N=36 k=2: 12x12 itercnt: 4 FAIL (kN/2-by-kN/2, kkN/4) TOP
 root=12
N=36 k=3: 18x18 itercnt: 9 FAIL (kN/2-by-kN/2, kkN/4) TOP
 root=18
N=36 k=4: 24x24 itercnt: 16 FAIL (kN/2-by-kN/2, kkN/4) TOP
 root=24
N=36 k=5: 30x30 itercnt: 25 FAIL (kN/2-by-kN/2, kkN/4) TOP
 root=30
N=37 k=1: 37x37 itercnt: 37 PASS (kN-by-kN, kkN) BOTTOM
 root=37
N=37 k=2: 74x74 itercnt: 148 PASS (kN-by-kN, kkN) TOP
 root=74
N=37 k=3: 111x111 itercnt: 333 PASS (kN-by-kN, kkN) BOTTOM
 root=111
N=37 k=4: 148x148 itercnt: 592 PASS (kN-by-kN, kkN) TOP
 root=148
N=37 k=5: 185x185 itercnt: 925 PASS (kN-by-kN, kkN) BOTTOM
 root=185
N=38 k=1: 38x38 itercnt: 38 PASS (kN-by-kN, kkN) TOP
 root=38
N=38 k=2: 76x76 itercnt: 152 PASS (kN-by-kN, kkN) TOP
 root=76
N=38 k=3: 114x114 itercnt: 342 PASS (kN-by-kN, kkN) TOP
 root=114
N=38 k=4: 152x152 itercnt: 608 PASS (kN-by-kN, kkN) TOP
 root=152
N=38 k=5: 190x190 itercnt: 950 PASS (kN-by-kN, kkN) TOP
 root=190
N=39 k=1: 39x39 itercnt: 39 PASS (kN-by-kN, kkN) BOTTOM
 root=39
N=39 k=2: 78x78 itercnt: 156 PASS (kN-by-kN, kkN) TOP
 root=78
N=39 k=3: 117x117 itercnt: 351 PASS (kN-by-kN, kkN) BOTTOM
 root=117
N=39 k=4: 156x156 itercnt: 624 PASS (kN-by-kN, kkN) TOP
 root=156
N=39 k=5: 195x195 itercnt: 975 PASS (kN-by-kN, kkN) BOTTOM
 root=195
N=40 k=1: 20x20 itercnt: 10 PASS (kN/2-by-kN/2, kkN/4) TOP
 root=20
N=40 k=2: 40x40 itercnt: 40 PASS (kN/2-by-kN/2, kkN/4) TOP
 root=40
N=40 k=3: 60x60 itercnt: 90 PASS (kN/2-by-kN/2, kkN/4) TOP
 root=60
N=40 k=4: 80x80 itercnt: 160 PASS (kN/2-by-kN/2, kkN/4) TOP
 root=80
N=40 k=5: 100x100 itercnt: 250 PASS (kN/2-by-kN/2, kkN/4) TOP
 root=100
N=41 k=1: 41x41 itercnt: 41 PASS (kN-by-kN, kkN) BOTTOM
 root=41
N=41 k=2: 82x82 itercnt: 164 PASS (kN-by-kN, kkN) TOP
 root=82
N=41 k=3: 123x123 itercnt: 369 PASS (kN-by-kN, kkN) BOTTOM
 root=123
N=41 k=4: 164x164 itercnt: 656 PASS (kN-by-kN, kkN) TOP
 root=164
N=41 k=5: 205x205 itercnt: 1025 PASS (kN-by-kN, kkN) BOTTOM
 root=205
N=42 k=1: 42x42 itercnt: 42 PASS (kN-by-kN, kkN) TOP
 root=42
N=42 k=2: 84x84 itercnt: 168 PASS (kN-by-kN, kkN) TOP
 root=84
N=42 k=3: 126x126 itercnt: 378 PASS (kN-by-kN, kkN) TOP
 root=126
N=42 k=4: 168x168 itercnt: 672 PASS (kN-by-kN, kkN) TOP
 root=168
N=42 k=5: 210x210 itercnt: 1050 PASS (kN-by-kN, kkN) TOP
 root=210
N=43 k=1: 43x43 itercnt: 43 PASS (kN-by-kN, kkN) BOTTOM
 root=43
N=43 k=2: 86x86 itercnt: 172 PASS (kN-by-kN, kkN) TOP
 root=86
N=43 k=3: 129x129 itercnt: 387 PASS (kN-by-kN, kkN) BOTTOM
 root=129
N=43 k=4: 172x172 itercnt: 688 PASS (kN-by-kN, kkN) TOP
 root=172
N=43 k=5: 215x215 itercnt: 1075 PASS (kN-by-kN, kkN) BOTTOM
 root=215
N=44 k=1: 22x22 itercnt: 11 PASS (kN/2-by-kN/2, kkN/4) TOP
 root=22
N=44 k=2: 44x44 itercnt: 44 PASS (kN/2-by-kN/2, kkN/4) TOP
 root=44
N=44 k=3: 66x66 itercnt: 99 PASS (kN/2-by-kN/2, kkN/4) TOP
 root=66
N=44 k=4: 88x88 itercnt: 176 PASS (kN/2-by-kN/2, kkN/4) TOP
 root=88
N=44 k=5: 110x110 itercnt: 275 PASS (kN/2-by-kN/2, kkN/4) TOP
 root=110
N=45 k=1: 15x15 itercnt: 5 FAIL (kN-by-kN, kkN) BOTTOM
 root=15
N=45 k=2: 30x30 itercnt: 20 FAIL (kN-by-kN, kkN) TOP
 root=30
N=45 k=3: 45x45 itercnt: 45 FAIL (kN-by-kN, kkN) BOTTOM
 root=45
N=45 k=4: 60x60 itercnt: 80 FAIL (kN-by-kN, kkN) TOP
 root=60
N=45 k=5: 75x75 itercnt: 125 FAIL (kN-by-kN, kkN) BOTTOM
 root=75
N=46 k=1: 46x46 itercnt: 46 PASS (kN-by-kN, kkN) TOP
 root=46
N=46 k=2: 92x92 itercnt: 184 PASS (kN-by-kN, kkN) TOP
 root=92
N=46 k=3: 138x138 itercnt: 414 PASS (kN-by-kN, kkN) TOP
 root=138
N=46 k=4: 184x184 itercnt: 736 PASS (kN-by-kN, kkN) TOP
 root=184
N=46 k=5: 230x230 itercnt: 1150 PASS (kN-by-kN, kkN) TOP
 root=230
N=47 k=1: 47x47 itercnt: 47 PASS (kN-by-kN, kkN) BOTTOM
 root=47
N=47 k=2: 94x94 itercnt: 188 PASS (kN-by-kN, kkN) TOP
 root=94
N=47 k=3: 141x141 itercnt: 423 PASS (kN-by-kN, kkN) BOTTOM
 root=141
N=47 k=4: 188x188 itercnt: 752 PASS (kN-by-kN, kkN) TOP
 root=188
N=47 k=5: 235x235 itercnt: 1175 PASS (kN-by-kN, kkN) BOTTOM
 root=235
N=48 k=1: 12x12 itercnt: 3 FAIL (kN/2-by-kN/2, kkN/4) TOP
 root=12
N=48 k=2: 24x24 itercnt: 12 FAIL (kN/2-by-kN/2, kkN/4) TOP
 root=24
N=48 k=3: 36x36 itercnt: 27 FAIL (kN/2-by-kN/2, kkN/4) TOP
 root=36
N=48 k=4: 48x48 itercnt: 48 FAIL (kN/2-by-kN/2, kkN/4) TOP
 root=48
N=48 k=5: 60x60 itercnt: 75 FAIL (kN/2-by-kN/2, kkN/4) TOP
 root=60
N=49 k=1: 7x7 itercnt: 1 FAIL (kN-by-kN, kkN) BOTTOM
 root=7
N=49 k=2: 14x14 itercnt: 4 FAIL (kN-by-kN, kkN) TOP
 root=14
N=49 k=3: 21x21 itercnt: 9 FAIL (kN-by-kN, kkN) BOTTOM
 root=21
N=49 k=4: 28x28 itercnt: 16 FAIL (kN-by-kN, kkN) TOP
 root=28
N=49 k=5: 35x35 itercnt: 25 FAIL (kN-by-kN, kkN) BOTTOM
 root=35
N=50 k=1: 10x10 itercnt: 2 FAIL (kN-by-kN, kkN) TOP
 root=10
N=50 k=2: 20x20 itercnt: 8 FAIL (kN-by-kN, kkN) TOP
 root=20
N=50 k=3: 30x30 itercnt: 18 FAIL (kN-by-kN, kkN) TOP
 root=30
N=50 k=4: 40x40 itercnt: 32 FAIL (kN-by-kN, kkN) TOP
 root=40
N=50 k=5: 50x50 itercnt: 50 FAIL (kN-by-kN, kkN) TOP
 root=50
N=51 k=1: 51x51 itercnt: 51 PASS (kN-by-kN, kkN) BOTTOM
 root=51
N=51 k=2: 102x102 itercnt: 204 PASS (kN-by-kN, kkN) TOP
 root=102
N=51 k=3: 153x153 itercnt: 459 PASS (kN-by-kN, kkN) BOTTOM
 root=153
N=51 k=4: 204x204 itercnt: 816 PASS (kN-by-kN, kkN) TOP
 root=204
N=51 k=5: 255x255 itercnt: 1275 PASS (kN-by-kN, kkN) BOTTOM
 root=255
N=52 k=1: 26x26 itercnt: 13 PASS (kN/2-by-kN/2, kkN/4) TOP
 root=26
N=52 k=2: 52x52 itercnt: 52 PASS (kN/2-by-kN/2, kkN/4) TOP
 root=52
N=52 k=3: 78x78 itercnt: 117 PASS (kN/2-by-kN/2, kkN/4) TOP
 root=78
N=52 k=4: 104x104 itercnt: 208 PASS (kN/2-by-kN/2, kkN/4) TOP
 root=104
N=52 k=5: 130x130 itercnt: 325 PASS (kN/2-by-kN/2, kkN/4) TOP
 root=130
N=53 k=1: 53x53 itercnt: 53 PASS (kN-by-kN, kkN) BOTTOM
 root=53
N=53 k=2: 106x106 itercnt: 212 PASS (kN-by-kN, kkN) TOP
 root=106
N=53 k=3: 159x159 itercnt: 477 PASS (kN-by-kN, kkN) BOTTOM
 root=159
N=53 k=4: 212x212 itercnt: 848 PASS (kN-by-kN, kkN) TOP
 root=212
N=53 k=5: 265x265 itercnt: 1325 PASS (kN-by-kN, kkN) BOTTOM
 root=265
N=54 k=1: 18x18 itercnt: 6 FAIL (kN-by-kN, kkN) TOP
 root=18
N=54 k=2: 36x36 itercnt: 24 FAIL (kN-by-kN, kkN) TOP
 root=36
N=54 k=3: 54x54 itercnt: 54 FAIL (kN-by-kN, kkN) TOP
 root=54
N=54 k=4: 72x72 itercnt: 96 FAIL (kN-by-kN, kkN) TOP
 root=72
N=54 k=5: 90x90 itercnt: 150 FAIL (kN-by-kN, kkN) TOP
 root=90
N=55 k=1: 55x55 itercnt: 55 PASS (kN-by-kN, kkN) BOTTOM
 root=55
N=55 k=2: 110x110 itercnt: 220 PASS (kN-by-kN, kkN) TOP
 root=110
N=55 k=3: 165x165 itercnt: 495 PASS (kN-by-kN, kkN) BOTTOM
 root=165
N=55 k=4: 220x220 itercnt: 880 PASS (kN-by-kN, kkN) TOP
 root=220
N=55 k=5: 275x275 itercnt: 1375 PASS (kN-by-kN, kkN) BOTTOM
 root=275
N=56 k=1: 28x28 itercnt: 14 PASS (kN/2-by-kN/2, kkN/4) TOP
 root=28
N=56 k=2: 56x56 itercnt: 56 PASS (kN/2-by-kN/2, kkN/4) TOP
 root=56
N=56 k=3: 84x84 itercnt: 126 PASS (kN/2-by-kN/2, kkN/4) TOP
 root=84
N=56 k=4: 112x112 itercnt: 224 PASS (kN/2-by-kN/2, kkN/4) TOP
 root=112
N=56 k=5: 140x140 itercnt: 350 PASS (kN/2-by-kN/2, kkN/4) TOP
 root=140
N=57 k=1: 57x57 itercnt: 57 PASS (kN-by-kN, kkN) BOTTOM
 root=57
N=57 k=2: 114x114 itercnt: 228 PASS (kN-by-kN, kkN) TOP
 root=114
N=57 k=3: 171x171 itercnt: 513 PASS (kN-by-kN, kkN) BOTTOM
 root=171
N=57 k=4: 228x228 itercnt: 912 PASS (kN-by-kN, kkN) TOP
 root=228
N=57 k=5: 285x285 itercnt: 1425 PASS (kN-by-kN, kkN) BOTTOM
 root=285
N=58 k=1: 58x58 itercnt: 58 PASS (kN-by-kN, kkN) TOP
 root=58
N=58 k=2: 116x116 itercnt: 232 PASS (kN-by-kN, kkN) TOP
 root=116
N=58 k=3: 174x174 itercnt: 522 PASS (kN-by-kN, kkN) TOP
 root=174
N=58 k=4: 232x232 itercnt: 928 PASS (kN-by-kN, kkN) TOP
 root=232
N=58 k=5: 290x290 itercnt: 1450 PASS (kN-by-kN, kkN) TOP
 root=290
N=59 k=1: 59x59 itercnt: 59 PASS (kN-by-kN, kkN) BOTTOM
 root=59
N=59 k=2: 118x118 itercnt: 236 PASS (kN-by-kN, kkN) TOP
 root=118
N=59 k=3: 177x177 itercnt: 531 PASS (kN-by-kN, kkN) BOTTOM
 root=177
N=59 k=4: 236x236 itercnt: 944 PASS (kN-by-kN, kkN) TOP
 root=236
N=59 k=5: 295x295 itercnt: 1475 PASS (kN-by-kN, kkN) BOTTOM
 root=295
N=60 k=1: 30x30 itercnt: 15 PASS (kN/2-by-kN/2, kkN/4) TOP
 root=30
N=60 k=2: 60x60 itercnt: 60 PASS (kN/2-by-kN/2, kkN/4) TOP
 root=60
N=60 k=3: 90x90 itercnt: 135 PASS (kN/2-by-kN/2, kkN/4) TOP
 root=90
N=60 k=4: 120x120 itercnt: 240 PASS (kN/2-by-kN/2, kkN/4) TOP
 root=120
N=60 k=5: 150x150 itercnt: 375 PASS (kN/2-by-kN/2, kkN/4) TOP
 root=150
N=61 k=1: 61x61 itercnt: 61 PASS (kN-by-kN, kkN) BOTTOM
 root=61
N=61 k=2: 122x122 itercnt: 244 PASS (kN-by-kN, kkN) TOP
 root=122
N=61 k=3: 183x183 itercnt: 549 PASS (kN-by-kN, kkN) BOTTOM
 root=183
N=61 k=4: 244x244 itercnt: 976 PASS (kN-by-kN, kkN) TOP
 root=244
N=61 k=5: 305x305 itercnt: 1525 PASS (kN-by-kN, kkN) BOTTOM
 root=305
N=62 k=1: 62x62 itercnt: 62 PASS (kN-by-kN, kkN) TOP
 root=62
N=62 k=2: 124x124 itercnt: 248 PASS (kN-by-kN, kkN) TOP
 root=124
N=62 k=3: 186x186 itercnt: 558 PASS (kN-by-kN, kkN) TOP
 root=186
N=62 k=4: 248x248 itercnt: 992 PASS (kN-by-kN, kkN) TOP
 root=248
N=62 k=5: 310x310 itercnt: 1550 PASS (kN-by-kN, kkN) TOP
 root=310
N=63 k=1: 21x21 itercnt: 7 FAIL (kN-by-kN, kkN) BOTTOM
 root=21
N=63 k=2: 42x42 itercnt: 28 FAIL (kN-by-kN, kkN) TOP
 root=42
N=63 k=3: 63x63 itercnt: 63 FAIL (kN-by-kN, kkN) BOTTOM
 root=63
N=63 k=4: 84x84 itercnt: 112 FAIL (kN-by-kN, kkN) TOP
 root=84
N=63 k=5: 105x105 itercnt: 175 FAIL (kN-by-kN, kkN) BOTTOM
 root=105
N=64 k=1: 8x8 itercnt: 1 FAIL (kN/2-by-kN/2, kkN/4) TOP
 root=8
N=64 k=2: 16x16 itercnt: 4 FAIL (kN/2-by-kN/2, kkN/4) TOP
 root=16
N=64 k=3: 24x24 itercnt: 9 FAIL (kN/2-by-kN/2, kkN/4) TOP
 root=24
N=64 k=4: 32x32 itercnt: 16 FAIL (kN/2-by-kN/2, kkN/4) TOP
 root=32
N=64 k=5: 40x40 itercnt: 25 FAIL (kN/2-by-kN/2, kkN/4) TOP
 root=40
