2
3
4
5
6
7
8
9
10
11
12
13
14
15
16
17
18
19
20
21
22
23
24
25
26
27
28
29
30
31
32
33
34
35
36
37
38
39
40
41
42
43
44
45
46
47
48
49
50
[2, 1]: (2, 2) ~ PASS ~ Bottom=True
[2, 2]: (4, 8) ~ PASS ~ Bottom=True
[2, 3]: (6, 18) ~ PASS ~ Bottom=True
[2, 4]: (8, 32) ~ PASS ~ Bottom=True
[2, 5]: (10, 50) ~ PASS ~ Bottom=True
[3, 1]: (3, 3) ~ PASS ~ Bottom=False
[3, 2]: (6, 12) ~ PASS ~ Bottom=True
[3, 3]: (9, 27) ~ PASS ~ Bottom=False
[3, 4]: (12, 48) ~ PASS ~ Bottom=True
[3, 5]: (15, 75) ~ PASS ~ Bottom=False
[4, 1]: (2, 1) ~ PASS ~ Bottom=True
[4, 2]: (4, 4) ~ PASS ~ Bottom=True
[4, 3]: (6, 9) ~ PASS ~ Bottom=True
[4, 4]: (8, 16) ~ PASS ~ Bottom=True
[4, 5]: (10, 25) ~ PASS ~ Bottom=True
[5, 1]: (5, 5) ~ PASS ~ Bottom=False
[5, 2]: (10, 20) ~ PASS ~ Bottom=True
[5, 3]: (15, 45) ~ PASS ~ Bottom=False
[5, 4]: (20, 80) ~ PASS ~ Bottom=True
[5, 5]: (25, 125) ~ PASS ~ Bottom=False
[6, 1]: (6, 6) ~ PASS ~ Bottom=True
[6, 2]: (12, 24) ~ PASS ~ Bottom=True
[6, 3]: (18, 54) ~ PASS ~ Bottom=True
[6, 4]: (24, 96) ~ PASS ~ Bottom=True
[6, 5]: (30, 150) ~ PASS ~ Bottom=True
[7, 1]: (7, 7) ~ PASS ~ Bottom=False
[7, 2]: (14, 28) ~ PASS ~ Bottom=True
[7, 3]: (21, 63) ~ PASS ~ Bottom=False
[7, 4]: (28, 112) ~ PASS ~ Bottom=True
[7, 5]: (35, 175) ~ PASS ~ Bottom=False
[8, 1]: (4, 2) ~ PASS ~ Bottom=True
[8, 2]: (8, 8) ~ PASS ~ Bottom=True
[8, 3]: (12, 18) ~ PASS ~ Bottom=True
[8, 4]: (16, 32) ~ PASS ~ Bottom=True
[8, 5]: (20, 50) ~ PASS ~ Bottom=True
[9, 1]: (3, 1) ~ PASS ~ Bottom=False
[9, 2]: (6, 4) ~ PASS ~ Bottom=True
[9, 3]: (9, 9) ~ PASS ~ Bottom=False
[9, 4]: (12, 16) ~ PASS ~ Bottom=True
[9, 5]: (15, 25) ~ PASS ~ Bottom=False
[10, 1]: (10, 10) ~ PASS ~ Bottom=True
[10, 2]: (20, 40) ~ PASS ~ Bottom=True
[10, 3]: (30, 90) ~ PASS ~ Bottom=True
[10, 4]: (40, 160) ~ PASS ~ Bottom=True
[10, 5]: (50, 250) ~ PASS ~ Bottom=True
[11, 1]: (11, 11) ~ PASS ~ Bottom=False
[11, 2]: (22, 44) ~ PASS ~ Bottom=True
[11, 3]: (33, 99) ~ PASS ~ Bottom=False
[11, 4]: (44, 176) ~ PASS ~ Bottom=True
[11, 5]: (55, 275) ~ PASS ~ Bottom=False
[12, 1]: (6, 3) ~ PASS ~ Bottom=True
[12, 2]: (12, 12) ~ PASS ~ Bottom=True
[12, 3]: (18, 27) ~ PASS ~ Bottom=True
[12, 4]: (24, 48) ~ PASS ~ Bottom=True
[12, 5]: (30, 75) ~ PASS ~ Bottom=True
[13, 1]: (13, 13) ~ PASS ~ Bottom=False
[13, 2]: (26, 52) ~ PASS ~ Bottom=True
[13, 3]: (39, 117) ~ PASS ~ Bottom=False
[13, 4]: (52, 208) ~ PASS ~ Bottom=True
[13, 5]: (65, 325) ~ PASS ~ Bottom=False
[14, 1]: (14, 14) ~ PASS ~ Bottom=True
[14, 2]: (28, 56) ~ PASS ~ Bottom=True
[14, 3]: (42, 126) ~ PASS ~ Bottom=True
[14, 4]: (56, 224) ~ PASS ~ Bottom=True
[14, 5]: (70, 350) ~ PASS ~ Bottom=True
[15, 1]: (15, 15) ~ PASS ~ Bottom=False
[15, 2]: (30, 60) ~ PASS ~ Bottom=True
[15, 3]: (45, 135) ~ PASS ~ Bottom=False
[15, 4]: (60, 240) ~ PASS ~ Bottom=True
[15, 5]: (75, 375) ~ PASS ~ Bottom=False
[16, 1]: (4, 1) ~ PASS ~ Bottom=True
[16, 2]: (8, 4) ~ PASS ~ Bottom=True
[16, 3]: (12, 9) ~ PASS ~ Bottom=True
[16, 4]: (16, 16) ~ PASS ~ Bottom=True
[16, 5]: (20, 25) ~ PASS ~ Bottom=True
[17, 1]: (17, 17) ~ PASS ~ Bottom=False
[17, 2]: (34, 68) ~ PASS ~ Bottom=True
[17, 3]: (51, 153) ~ PASS ~ Bottom=False
[17, 4]: (68, 272) ~ PASS ~ Bottom=True
[17, 5]: (85, 425) ~ PASS ~ Bottom=False
[18, 1]: (6, 2) ~ PASS ~ Bottom=True
[18, 2]: (12, 8) ~ PASS ~ Bottom=True
[18, 3]: (18, 18) ~ PASS ~ Bottom=True
[18, 4]: (24, 32) ~ PASS ~ Bottom=True
[18, 5]: (30, 50) ~ PASS ~ Bottom=True
[19, 1]: (19, 19) ~ PASS ~ Bottom=False
[19, 2]: (38, 76) ~ PASS ~ Bottom=True
[19, 3]: (57, 171) ~ PASS ~ Bottom=False
[19, 4]: (76, 304) ~ PASS ~ Bottom=True
[19, 5]: (95, 475) ~ PASS ~ Bottom=False
[20, 1]: (10, 5) ~ PASS ~ Bottom=True
[20, 2]: (20, 20) ~ PASS ~ Bottom=True
[20, 3]: (30, 45) ~ PASS ~ Bottom=True
[20, 4]: (40, 80) ~ PASS ~ Bottom=True
[20, 5]: (50, 125) ~ PASS ~ Bottom=True
[21, 1]: (21, 21) ~ PASS ~ Bottom=False
[21, 2]: (42, 84) ~ PASS ~ Bottom=True
[21, 3]: (63, 189) ~ PASS ~ Bottom=False
[21, 4]: (84, 336) ~ PASS ~ Bottom=True
[21, 5]: (105, 525) ~ PASS ~ Bottom=False
[22, 1]: (22, 22) ~ PASS ~ Bottom=True
[22, 2]: (44, 88) ~ PASS ~ Bottom=True
[22, 3]: (66, 198) ~ PASS ~ Bottom=True
[22, 4]: (88, 352) ~ PASS ~ Bottom=True
[22, 5]: (110, 550) ~ PASS ~ Bottom=True
[23, 1]: (23, 23) ~ PASS ~ Bottom=False
[23, 2]: (46, 92) ~ PASS ~ Bottom=True
[23, 3]: (69, 207) ~ PASS ~ Bottom=False
[23, 4]: (92, 368) ~ PASS ~ Bottom=True
[23, 5]: (115, 575) ~ PASS ~ Bottom=False
[24, 1]: (12, 6) ~ PASS ~ Bottom=True
[24, 2]: (24, 24) ~ PASS ~ Bottom=True
[24, 3]: (36, 54) ~ PASS ~ Bottom=True
[24, 4]: (48, 96) ~ PASS ~ Bottom=True
[24, 5]: (60, 150) ~ PASS ~ Bottom=True
[25, 1]: (5, 1) ~ PASS ~ Bottom=False
[25, 2]: (10, 4) ~ PASS ~ Bottom=True
[25, 3]: (15, 9) ~ PASS ~ Bottom=False
[25, 4]: (20, 16) ~ PASS ~ Bottom=True
[25, 5]: (25, 25) ~ PASS ~ Bottom=False
[26, 1]: (26, 26) ~ PASS ~ Bottom=True
[26, 2]: (52, 104) ~ PASS ~ Bottom=True
[26, 3]: (78, 234) ~ PASS ~ Bottom=True
[26, 4]: (104, 416) ~ PASS ~ Bottom=True
[26, 5]: (130, 650) ~ PASS ~ Bottom=True
[27, 1]: (9, 3) ~ PASS ~ Bottom=False
[27, 2]: (18, 12) ~ PASS ~ Bottom=True
[27, 3]: (27, 27) ~ PASS ~ Bottom=False
[27, 4]: (36, 48) ~ PASS ~ Bottom=True
[27, 5]: (45, 75) ~ PASS ~ Bottom=False
[28, 1]: (14, 7) ~ PASS ~ Bottom=True
[28, 2]: (28, 28) ~ PASS ~ Bottom=True
[28, 3]: (42, 63) ~ PASS ~ Bottom=True
[28, 4]: (56, 112) ~ PASS ~ Bottom=True
[28, 5]: (70, 175) ~ PASS ~ Bottom=True
[29, 1]: (29, 29) ~ PASS ~ Bottom=False
[29, 2]: (58, 116) ~ PASS ~ Bottom=True
[29, 3]: (87, 261) ~ PASS ~ Bottom=False
[29, 4]: (116, 464) ~ PASS ~ Bottom=True
[29, 5]: (145, 725) ~ PASS ~ Bottom=False
[30, 1]: (30, 30) ~ PASS ~ Bottom=True
[30, 2]: (60, 120) ~ PASS ~ Bottom=True
[30, 3]: (90, 270) ~ PASS ~ Bottom=True
[30, 4]: (120, 480) ~ PASS ~ Bottom=True
[30, 5]: (150, 750) ~ PASS ~ Bottom=True
[31, 1]: (31, 31) ~ PASS ~ Bottom=False
[31, 2]: (62, 124) ~ PASS ~ Bottom=True
[31, 3]: (93, 279) ~ PASS ~ Bottom=False
[31, 4]: (124, 496) ~ PASS ~ Bottom=True
[31, 5]: (155, 775) ~ PASS ~ Bottom=False
[32, 1]: (8, 2) ~ PASS ~ Bottom=True
[32, 2]: (16, 8) ~ PASS ~ Bottom=True
[32, 3]: (24, 18) ~ PASS ~ Bottom=True
[32, 4]: (32, 32) ~ PASS ~ Bottom=True
[32, 5]: (40, 50) ~ PASS ~ Bottom=True
[33, 1]: (33, 33) ~ PASS ~ Bottom=False
[33, 2]: (66, 132) ~ PASS ~ Bottom=True
[33, 3]: (99, 297) ~ PASS ~ Bottom=False
[33, 4]: (132, 528) ~ PASS ~ Bottom=True
[33, 5]: (165, 825) ~ PASS ~ Bottom=False
[34, 1]: (34, 34) ~ PASS ~ Bottom=True
[34, 2]: (68, 136) ~ PASS ~ Bottom=True
[34, 3]: (102, 306) ~ PASS ~ Bottom=True
[34, 4]: (136, 544) ~ PASS ~ Bottom=True
[34, 5]: (170, 850) ~ PASS ~ Bottom=True
[35, 1]: (35, 35) ~ PASS ~ Bottom=False
[35, 2]: (70, 140) ~ PASS ~ Bottom=True
[35, 3]: (105, 315) ~ PASS ~ Bottom=False
[35, 4]: (140, 560) ~ PASS ~ Bottom=True
[35, 5]: (175, 875) ~ PASS ~ Bottom=False
[36, 1]: (6, 1) ~ PASS ~ Bottom=True
[36, 2]: (12, 4) ~ PASS ~ Bottom=True
[36, 3]: (18, 9) ~ PASS ~ Bottom=True
[36, 4]: (24, 16) ~ PASS ~ Bottom=True
[36, 5]: (30, 25) ~ PASS ~ Bottom=True
[37, 1]: (37, 37) ~ PASS ~ Bottom=False
[37, 2]: (74, 148) ~ PASS ~ Bottom=True
[37, 3]: (111, 333) ~ PASS ~ Bottom=False
[37, 4]: (148, 592) ~ PASS ~ Bottom=True
[37, 5]: (185, 925) ~ PASS ~ Bottom=False
[38, 1]: (38, 38) ~ PASS ~ Bottom=True
[38, 2]: (76, 152) ~ PASS ~ Bottom=True
[38, 3]: (114, 342) ~ PASS ~ Bottom=True
[38, 4]: (152, 608) ~ PASS ~ Bottom=True
[38, 5]: (190, 950) ~ PASS ~ Bottom=True
[39, 1]: (39, 39) ~ PASS ~ Bottom=False
[39, 2]: (78, 156) ~ PASS ~ Bottom=True
[39, 3]: (117, 351) ~ PASS ~ Bottom=False
[39, 4]: (156, 624) ~ PASS ~ Bottom=True
[39, 5]: (195, 975) ~ PASS ~ Bottom=False
[40, 1]: (20, 10) ~ PASS ~ Bottom=True
[40, 2]: (40, 40) ~ PASS ~ Bottom=True
[40, 3]: (60, 90) ~ PASS ~ Bottom=True
[40, 4]: (80, 160) ~ PASS ~ Bottom=True
[40, 5]: (100, 250) ~ PASS ~ Bottom=True
[41, 1]: (41, 41) ~ PASS ~ Bottom=False
[41, 2]: (82, 164) ~ PASS ~ Bottom=True
[41, 3]: (123, 369) ~ PASS ~ Bottom=False
[41, 4]: (164, 656) ~ PASS ~ Bottom=True
[41, 5]: (205, 1025) ~ PASS ~ Bottom=False
[42, 1]: (42, 42) ~ PASS ~ Bottom=True
[42, 2]: (84, 168) ~ PASS ~ Bottom=True
[42, 3]: (126, 378) ~ PASS ~ Bottom=True
[42, 4]: (168, 672) ~ PASS ~ Bottom=True
[42, 5]: (210, 1050) ~ PASS ~ Bottom=True
[43, 1]: (43, 43) ~ PASS ~ Bottom=False
[43, 2]: (86, 172) ~ PASS ~ Bottom=True
[43, 3]: (129, 387) ~ PASS ~ Bottom=False
[43, 4]: (172, 688) ~ PASS ~ Bottom=True
[43, 5]: (215, 1075) ~ PASS ~ Bottom=False
[44, 1]: (22, 11) ~ PASS ~ Bottom=True
[44, 2]: (44, 44) ~ PASS ~ Bottom=True
[44, 3]: (66, 99) ~ PASS ~ Bottom=True
[44, 4]: (88, 176) ~ PASS ~ Bottom=True
[44, 5]: (110, 275) ~ PASS ~ Bottom=True
[45, 1]: (15, 5) ~ PASS ~ Bottom=False
[45, 2]: (30, 20) ~ PASS ~ Bottom=True
[45, 3]: (45, 45) ~ PASS ~ Bottom=False
[45, 4]: (60, 80) ~ PASS ~ Bottom=True
[45, 5]: (75, 125) ~ PASS ~ Bottom=False
[46, 1]: (46, 46) ~ PASS ~ Bottom=True
[46, 2]: (92, 184) ~ PASS ~ Bottom=True
[46, 3]: (138, 414) ~ PASS ~ Bottom=True
[46, 4]: (184, 736) ~ PASS ~ Bottom=True
[46, 5]: (230, 1150) ~ PASS ~ Bottom=True
[47, 1]: (47, 47) ~ PASS ~ Bottom=False
[47, 2]: (94, 188) ~ PASS ~ Bottom=True
[47, 3]: (141, 423) ~ PASS ~ Bottom=False
[47, 4]: (188, 752) ~ PASS ~ Bottom=True
[47, 5]: (235, 1175) ~ PASS ~ Bottom=False
[48, 1]: (12, 3) ~ PASS ~ Bottom=True
[48, 2]: (24, 12) ~ PASS ~ Bottom=True
[48, 3]: (36, 27) ~ PASS ~ Bottom=True
[48, 4]: (48, 48) ~ PASS ~ Bottom=True
[48, 5]: (60, 75) ~ PASS ~ Bottom=True
[49, 1]: (7, 1) ~ PASS ~ Bottom=False
[49, 2]: (14, 4) ~ PASS ~ Bottom=True
[49, 3]: (21, 9) ~ PASS ~ Bottom=False
[49, 4]: (28, 16) ~ PASS ~ Bottom=True
[49, 5]: (35, 25) ~ PASS ~ Bottom=False
[50, 1]: (10, 2) ~ PASS ~ Bottom=True
[50, 2]: (20, 8) ~ PASS ~ Bottom=True
[50, 3]: (30, 18) ~ PASS ~ Bottom=True
[50, 4]: (40, 32) ~ PASS ~ Bottom=True
[50, 5]: (50, 50) ~ PASS ~ Bottom=True
(2, 50, 1, 5) time: 10.029833 seconds
51
52
53
54
55
56
57
58
59
60
61
62
63
64
65
66
67
68
69
70
71
72
73
74
75
76
77
78
79
80
81
82
83
84
85
86
87
88
89
90
91
92
93
94
95
96
97
98
99
100
[51, 1]: (51, 51) ~ PASS ~ Bottom=False
[51, 2]: (102, 204) ~ PASS ~ Bottom=True
[51, 3]: (153, 459) ~ PASS ~ Bottom=False
[51, 4]: (204, 816) ~ PASS ~ Bottom=True
[51, 5]: (255, 1275) ~ PASS ~ Bottom=False
[52, 1]: (26, 13) ~ PASS ~ Bottom=True
[52, 2]: (52, 52) ~ PASS ~ Bottom=True
[52, 3]: (78, 117) ~ PASS ~ Bottom=True
[52, 4]: (104, 208) ~ PASS ~ Bottom=True
[52, 5]: (130, 325) ~ PASS ~ Bottom=True
[53, 1]: (53, 53) ~ PASS ~ Bottom=False
[53, 2]: (106, 212) ~ PASS ~ Bottom=True
[53, 3]: (159, 477) ~ PASS ~ Bottom=False
[53, 4]: (212, 848) ~ PASS ~ Bottom=True
[53, 5]: (265, 1325) ~ PASS ~ Bottom=False
[54, 1]: (18, 6) ~ PASS ~ Bottom=True
[54, 2]: (36, 24) ~ PASS ~ Bottom=True
[54, 3]: (54, 54) ~ PASS ~ Bottom=True
[54, 4]: (72, 96) ~ PASS ~ Bottom=True
[54, 5]: (90, 150) ~ PASS ~ Bottom=True
[55, 1]: (55, 55) ~ PASS ~ Bottom=False
[55, 2]: (110, 220) ~ PASS ~ Bottom=True
[55, 3]: (165, 495) ~ PASS ~ Bottom=False
[55, 4]: (220, 880) ~ PASS ~ Bottom=True
[55, 5]: (275, 1375) ~ PASS ~ Bottom=False
[56, 1]: (28, 14) ~ PASS ~ Bottom=True
[56, 2]: (56, 56) ~ PASS ~ Bottom=True
[56, 3]: (84, 126) ~ PASS ~ Bottom=True
[56, 4]: (112, 224) ~ PASS ~ Bottom=True
[56, 5]: (140, 350) ~ PASS ~ Bottom=True
[57, 1]: (57, 57) ~ PASS ~ Bottom=False
[57, 2]: (114, 228) ~ PASS ~ Bottom=True
[57, 3]: (171, 513) ~ PASS ~ Bottom=False
[57, 4]: (228, 912) ~ PASS ~ Bottom=True
[57, 5]: (285, 1425) ~ PASS ~ Bottom=False
[58, 1]: (58, 58) ~ PASS ~ Bottom=True
[58, 2]: (116, 232) ~ PASS ~ Bottom=True
[58, 3]: (174, 522) ~ PASS ~ Bottom=True
[58, 4]: (232, 928) ~ PASS ~ Bottom=True
[58, 5]: (290, 1450) ~ PASS ~ Bottom=True
[59, 1]: (59, 59) ~ PASS ~ Bottom=False
[59, 2]: (118, 236) ~ PASS ~ Bottom=True
[59, 3]: (177, 531) ~ PASS ~ Bottom=False
[59, 4]: (236, 944) ~ PASS ~ Bottom=True
[59, 5]: (295, 1475) ~ PASS ~ Bottom=False
[60, 1]: (30, 15) ~ PASS ~ Bottom=True
[60, 2]: (60, 60) ~ PASS ~ Bottom=True
[60, 3]: (90, 135) ~ PASS ~ Bottom=True
[60, 4]: (120, 240) ~ PASS ~ Bottom=True
[60, 5]: (150, 375) ~ PASS ~ Bottom=True
[61, 1]: (61, 61) ~ PASS ~ Bottom=False
[61, 2]: (122, 244) ~ PASS ~ Bottom=True
[61, 3]: (183, 549) ~ PASS ~ Bottom=False
[61, 4]: (244, 976) ~ PASS ~ Bottom=True
[61, 5]: (305, 1525) ~ PASS ~ Bottom=False
[62, 1]: (62, 62) ~ PASS ~ Bottom=True
[62, 2]: (124, 248) ~ PASS ~ Bottom=True
[62, 3]: (186, 558) ~ PASS ~ Bottom=True
[62, 4]: (248, 992) ~ PASS ~ Bottom=True
[62, 5]: (310, 1550) ~ PASS ~ Bottom=True
[63, 1]: (21, 7) ~ PASS ~ Bottom=False
[63, 2]: (42, 28) ~ PASS ~ Bottom=True
[63, 3]: (63, 63) ~ PASS ~ Bottom=False
[63, 4]: (84, 112) ~ PASS ~ Bottom=True
[63, 5]: (105, 175) ~ PASS ~ Bottom=False
[64, 1]: (8, 1) ~ PASS ~ Bottom=True
[64, 2]: (16, 4) ~ PASS ~ Bottom=True
[64, 3]: (24, 9) ~ PASS ~ Bottom=True
[64, 4]: (32, 16) ~ PASS ~ Bottom=True
[64, 5]: (40, 25) ~ PASS ~ Bottom=True
[65, 1]: (65, 65) ~ PASS ~ Bottom=False
[65, 2]: (130, 260) ~ PASS ~ Bottom=True
[65, 3]: (195, 585) ~ PASS ~ Bottom=False
[65, 4]: (260, 1040) ~ PASS ~ Bottom=True
[65, 5]: (325, 1625) ~ PASS ~ Bottom=False
[66, 1]: (66, 66) ~ PASS ~ Bottom=True
[66, 2]: (132, 264) ~ PASS ~ Bottom=True
[66, 3]: (198, 594) ~ PASS ~ Bottom=True
[66, 4]: (264, 1056) ~ PASS ~ Bottom=True
[66, 5]: (330, 1650) ~ PASS ~ Bottom=True
[67, 1]: (67, 67) ~ PASS ~ Bottom=False
[67, 2]: (134, 268) ~ PASS ~ Bottom=True
[67, 3]: (201, 603) ~ PASS ~ Bottom=False
[67, 4]: (268, 1072) ~ PASS ~ Bottom=True
[67, 5]: (335, 1675) ~ PASS ~ Bottom=False
[68, 1]: (34, 17) ~ PASS ~ Bottom=True
[68, 2]: (68, 68) ~ PASS ~ Bottom=True
[68, 3]: (102, 153) ~ PASS ~ Bottom=True
[68, 4]: (136, 272) ~ PASS ~ Bottom=True
[68, 5]: (170, 425) ~ PASS ~ Bottom=True
[69, 1]: (69, 69) ~ PASS ~ Bottom=False
[69, 2]: (138, 276) ~ PASS ~ Bottom=True
[69, 3]: (207, 621) ~ PASS ~ Bottom=False
[69, 4]: (276, 1104) ~ PASS ~ Bottom=True
[69, 5]: (345, 1725) ~ PASS ~ Bottom=False
[70, 1]: (70, 70) ~ PASS ~ Bottom=True
[70, 2]: (140, 280) ~ PASS ~ Bottom=True
[70, 3]: (210, 630) ~ PASS ~ Bottom=True
[70, 4]: (280, 1120) ~ PASS ~ Bottom=True
[70, 5]: (350, 1750) ~ PASS ~ Bottom=True
[71, 1]: (71, 71) ~ PASS ~ Bottom=False
[71, 2]: (142, 284) ~ PASS ~ Bottom=True
[71, 3]: (213, 639) ~ PASS ~ Bottom=False
[71, 4]: (284, 1136) ~ PASS ~ Bottom=True
[71, 5]: (355, 1775) ~ PASS ~ Bottom=False
[72, 1]: (12, 2) ~ PASS ~ Bottom=True
[72, 2]: (24, 8) ~ PASS ~ Bottom=True
[72, 3]: (36, 18) ~ PASS ~ Bottom=True
[72, 4]: (48, 32) ~ PASS ~ Bottom=True
[72, 5]: (60, 50) ~ PASS ~ Bottom=True
[73, 1]: (73, 73) ~ PASS ~ Bottom=False
[73, 2]: (146, 292) ~ PASS ~ Bottom=True
[73, 3]: (219, 657) ~ PASS ~ Bottom=False
[73, 4]: (292, 1168) ~ PASS ~ Bottom=True
[73, 5]: (365, 1825) ~ PASS ~ Bottom=False
[74, 1]: (74, 74) ~ PASS ~ Bottom=True
[74, 2]: (148, 296) ~ PASS ~ Bottom=True
[74, 3]: (222, 666) ~ PASS ~ Bottom=True
[74, 4]: (296, 1184) ~ PASS ~ Bottom=True
[74, 5]: (370, 1850) ~ PASS ~ Bottom=True
[75, 1]: (15, 3) ~ PASS ~ Bottom=False
[75, 2]: (30, 12) ~ PASS ~ Bottom=True
[75, 3]: (45, 27) ~ PASS ~ Bottom=False
[75, 4]: (60, 48) ~ PASS ~ Bottom=True
[75, 5]: (75, 75) ~ PASS ~ Bottom=False
[76, 1]: (38, 19) ~ PASS ~ Bottom=True
[76, 2]: (76, 76) ~ PASS ~ Bottom=True
[76, 3]: (114, 171) ~ PASS ~ Bottom=True
[76, 4]: (152, 304) ~ PASS ~ Bottom=True
[76, 5]: (190, 475) ~ PASS ~ Bottom=True
[77, 1]: (77, 77) ~ PASS ~ Bottom=False
[77, 2]: (154, 308) ~ PASS ~ Bottom=True
[77, 3]: (231, 693) ~ PASS ~ Bottom=False
[77, 4]: (308, 1232) ~ PASS ~ Bottom=True
[77, 5]: (385, 1925) ~ PASS ~ Bottom=False
[78, 1]: (78, 78) ~ PASS ~ Bottom=True
[78, 2]: (156, 312) ~ PASS ~ Bottom=True
[78, 3]: (234, 702) ~ PASS ~ Bottom=True
[78, 4]: (312, 1248) ~ PASS ~ Bottom=True
[78, 5]: (390, 1950) ~ PASS ~ Bottom=True
[79, 1]: (79, 79) ~ PASS ~ Bottom=False
[79, 2]: (158, 316) ~ PASS ~ Bottom=True
[79, 3]: (237, 711) ~ PASS ~ Bottom=False
[79, 4]: (316, 1264) ~ PASS ~ Bottom=True
[79, 5]: (395, 1975) ~ PASS ~ Bottom=False
[80, 1]: (20, 5) ~ PASS ~ Bottom=True
[80, 2]: (40, 20) ~ PASS ~ Bottom=True
[80, 3]: (60, 45) ~ PASS ~ Bottom=True
[80, 4]: (80, 80) ~ PASS ~ Bottom=True
[80, 5]: (100, 125) ~ PASS ~ Bottom=True
[81, 1]: (9, 1) ~ PASS ~ Bottom=False
[81, 2]: (18, 4) ~ PASS ~ Bottom=True
[81, 3]: (27, 9) ~ PASS ~ Bottom=False
[81, 4]: (36, 16) ~ PASS ~ Bottom=True
[81, 5]: (45, 25) ~ PASS ~ Bottom=False
[82, 1]: (82, 82) ~ PASS ~ Bottom=True
[82, 2]: (164, 328) ~ PASS ~ Bottom=True
[82, 3]: (246, 738) ~ PASS ~ Bottom=True
[82, 4]: (328, 1312) ~ PASS ~ Bottom=True
[82, 5]: (410, 2050) ~ PASS ~ Bottom=True
[83, 1]: (83, 83) ~ PASS ~ Bottom=False
[83, 2]: (166, 332) ~ PASS ~ Bottom=True
[83, 3]: (249, 747) ~ PASS ~ Bottom=False
[83, 4]: (332, 1328) ~ PASS ~ Bottom=True
[83, 5]: (415, 2075) ~ PASS ~ Bottom=False
[84, 1]: (42, 21) ~ PASS ~ Bottom=True
[84, 2]: (84, 84) ~ PASS ~ Bottom=True
[84, 3]: (126, 189) ~ PASS ~ Bottom=True
[84, 4]: (168, 336) ~ PASS ~ Bottom=True
[84, 5]: (210, 525) ~ PASS ~ Bottom=True
[85, 1]: (85, 85) ~ PASS ~ Bottom=False
[85, 2]: (170, 340) ~ PASS ~ Bottom=True
[85, 3]: (255, 765) ~ PASS ~ Bottom=False
[85, 4]: (340, 1360) ~ PASS ~ Bottom=True
[85, 5]: (425, 2125) ~ PASS ~ Bottom=False
[86, 1]: (86, 86) ~ PASS ~ Bottom=True
[86, 2]: (172, 344) ~ PASS ~ Bottom=True
[86, 3]: (258, 774) ~ PASS ~ Bottom=True
[86, 4]: (344, 1376) ~ PASS ~ Bottom=True
[86, 5]: (430, 2150) ~ PASS ~ Bottom=True
[87, 1]: (87, 87) ~ PASS ~ Bottom=False
[87, 2]: (174, 348) ~ PASS ~ Bottom=True
[87, 3]: (261, 783) ~ PASS ~ Bottom=False
[87, 4]: (348, 1392) ~ PASS ~ Bottom=True
[87, 5]: (435, 2175) ~ PASS ~ Bottom=False
[88, 1]: (44, 22) ~ PASS ~ Bottom=True
[88, 2]: (88, 88) ~ PASS ~ Bottom=True
[88, 3]: (132, 198) ~ PASS ~ Bottom=True
[88, 4]: (176, 352) ~ PASS ~ Bottom=True
[88, 5]: (220, 550) ~ PASS ~ Bottom=True
[89, 1]: (89, 89) ~ PASS ~ Bottom=False
[89, 2]: (178, 356) ~ PASS ~ Bottom=True
[89, 3]: (267, 801) ~ PASS ~ Bottom=False
[89, 4]: (356, 1424) ~ PASS ~ Bottom=True
[89, 5]: (445, 2225) ~ PASS ~ Bottom=False
[90, 1]: (30, 10) ~ PASS ~ Bottom=True
[90, 2]: (60, 40) ~ PASS ~ Bottom=True
[90, 3]: (90, 90) ~ PASS ~ Bottom=True
[90, 4]: (120, 160) ~ PASS ~ Bottom=True
[90, 5]: (150, 250) ~ PASS ~ Bottom=True
[91, 1]: (91, 91) ~ PASS ~ Bottom=False
[91, 2]: (182, 364) ~ PASS ~ Bottom=True
[91, 3]: (273, 819) ~ PASS ~ Bottom=False
[91, 4]: (364, 1456) ~ PASS ~ Bottom=True
[91, 5]: (455, 2275) ~ PASS ~ Bottom=False
[92, 1]: (46, 23) ~ PASS ~ Bottom=True
[92, 2]: (92, 92) ~ PASS ~ Bottom=True
[92, 3]: (138, 207) ~ PASS ~ Bottom=True
[92, 4]: (184, 368) ~ PASS ~ Bottom=True
[92, 5]: (230, 575) ~ PASS ~ Bottom=True
[93, 1]: (93, 93) ~ PASS ~ Bottom=False
[93, 2]: (186, 372) ~ PASS ~ Bottom=True
[93, 3]: (279, 837) ~ PASS ~ Bottom=False
[93, 4]: (372, 1488) ~ PASS ~ Bottom=True
[93, 5]: (465, 2325) ~ PASS ~ Bottom=False
[94, 1]: (94, 94) ~ PASS ~ Bottom=True
[94, 2]: (188, 376) ~ PASS ~ Bottom=True
[94, 3]: (282, 846) ~ PASS ~ Bottom=True
[94, 4]: (376, 1504) ~ PASS ~ Bottom=True
[94, 5]: (470, 2350) ~ PASS ~ Bottom=True
[95, 1]: (95, 95) ~ PASS ~ Bottom=False
[95, 2]: (190, 380) ~ PASS ~ Bottom=True
[95, 3]: (285, 855) ~ PASS ~ Bottom=False
[95, 4]: (380, 1520) ~ PASS ~ Bottom=True
[95, 5]: (475, 2375) ~ PASS ~ Bottom=False
[96, 1]: (24, 6) ~ PASS ~ Bottom=True
[96, 2]: (48, 24) ~ PASS ~ Bottom=True
[96, 3]: (72, 54) ~ PASS ~ Bottom=True
[96, 4]: (96, 96) ~ PASS ~ Bottom=True
[96, 5]: (120, 150) ~ PASS ~ Bottom=True
[97, 1]: (97, 97) ~ PASS ~ Bottom=False
[97, 2]: (194, 388) ~ PASS ~ Bottom=True
[97, 3]: (291, 873) ~ PASS ~ Bottom=False
[97, 4]: (388, 1552) ~ PASS ~ Bottom=True
[97, 5]: (485, 2425) ~ PASS ~ Bottom=False
[98, 1]: (14, 2) ~ PASS ~ Bottom=True
[98, 2]: (28, 8) ~ PASS ~ Bottom=True
[98, 3]: (42, 18) ~ PASS ~ Bottom=True
[98, 4]: (56, 32) ~ PASS ~ Bottom=True
[98, 5]: (70, 50) ~ PASS ~ Bottom=True
[99, 1]: (33, 11) ~ PASS ~ Bottom=False
[99, 2]: (66, 44) ~ PASS ~ Bottom=True
[99, 3]: (99, 99) ~ PASS ~ Bottom=False
[99, 4]: (132, 176) ~ PASS ~ Bottom=True
[99, 5]: (165, 275) ~ PASS ~ Bottom=False
[100, 1]: (10, 1) ~ PASS ~ Bottom=True
[100, 2]: (20, 4) ~ PASS ~ Bottom=True
[100, 3]: (30, 9) ~ PASS ~ Bottom=True
[100, 4]: (40, 16) ~ PASS ~ Bottom=True
[100, 5]: (50, 25) ~ PASS ~ Bottom=True
(51, 100, 1, 5) time: 173.947565 seconds
101
102
103
104
105
106
107
108
109
110
111
112
113
114
115
116
117
118
119
120
121
122
123
124
125
126
127
128
129
130
131
132
133
134
135
136
137
138
139
140
141
142
143
144
145
146
147
148
149
150
[101, 1]: (101, 101) ~ PASS ~ Bottom=False
[101, 2]: (202, 404) ~ PASS ~ Bottom=True
[101, 3]: (303, 909) ~ PASS ~ Bottom=False
[101, 4]: (404, 1616) ~ PASS ~ Bottom=True
[101, 5]: (505, 2525) ~ PASS ~ Bottom=False
[102, 1]: (102, 102) ~ PASS ~ Bottom=True
[102, 2]: (204, 408) ~ PASS ~ Bottom=True
[102, 3]: (306, 918) ~ PASS ~ Bottom=True
[102, 4]: (408, 1632) ~ PASS ~ Bottom=True
[102, 5]: (510, 2550) ~ PASS ~ Bottom=True
[103, 1]: (103, 103) ~ PASS ~ Bottom=False
[103, 2]: (206, 412) ~ PASS ~ Bottom=True
[103, 3]: (309, 927) ~ PASS ~ Bottom=False
[103, 4]: (412, 1648) ~ PASS ~ Bottom=True
[103, 5]: (515, 2575) ~ PASS ~ Bottom=False
[104, 1]: (52, 26) ~ PASS ~ Bottom=True
[104, 2]: (104, 104) ~ PASS ~ Bottom=True
[104, 3]: (156, 234) ~ PASS ~ Bottom=True
[104, 4]: (208, 416) ~ PASS ~ Bottom=True
[104, 5]: (260, 650) ~ PASS ~ Bottom=True
[105, 1]: (105, 105) ~ PASS ~ Bottom=False
[105, 2]: (210, 420) ~ PASS ~ Bottom=True
[105, 3]: (315, 945) ~ PASS ~ Bottom=False
[105, 4]: (420, 1680) ~ PASS ~ Bottom=True
[105, 5]: (525, 2625) ~ PASS ~ Bottom=False
[106, 1]: (106, 106) ~ PASS ~ Bottom=True
[106, 2]: (212, 424) ~ PASS ~ Bottom=True
[106, 3]: (318, 954) ~ PASS ~ Bottom=True
[106, 4]: (424, 1696) ~ PASS ~ Bottom=True
[106, 5]: (530, 2650) ~ PASS ~ Bottom=True
[107, 1]: (107, 107) ~ PASS ~ Bottom=False
[107, 2]: (214, 428) ~ PASS ~ Bottom=True
[107, 3]: (321, 963) ~ PASS ~ Bottom=False
[107, 4]: (428, 1712) ~ PASS ~ Bottom=True
[107, 5]: (535, 2675) ~ PASS ~ Bottom=False
[108, 1]: (18, 3) ~ PASS ~ Bottom=True
[108, 2]: (36, 12) ~ PASS ~ Bottom=True
[108, 3]: (54, 27) ~ PASS ~ Bottom=True
[108, 4]: (72, 48) ~ PASS ~ Bottom=True
[108, 5]: (90, 75) ~ PASS ~ Bottom=True
[109, 1]: (109, 109) ~ PASS ~ Bottom=False
[109, 2]: (218, 436) ~ PASS ~ Bottom=True
[109, 3]: (327, 981) ~ PASS ~ Bottom=False
[109, 4]: (436, 1744) ~ PASS ~ Bottom=True
[109, 5]: (545, 2725) ~ PASS ~ Bottom=False
[110, 1]: (110, 110) ~ PASS ~ Bottom=True
[110, 2]: (220, 440) ~ PASS ~ Bottom=True
[110, 3]: (330, 990) ~ PASS ~ Bottom=True
[110, 4]: (440, 1760) ~ PASS ~ Bottom=True
[110, 5]: (550, 2750) ~ PASS ~ Bottom=True
[111, 1]: (111, 111) ~ PASS ~ Bottom=False
[111, 2]: (222, 444) ~ PASS ~ Bottom=True
[111, 3]: (333, 999) ~ PASS ~ Bottom=False
[111, 4]: (444, 1776) ~ PASS ~ Bottom=True
[111, 5]: (555, 2775) ~ PASS ~ Bottom=False
[112, 1]: (28, 7) ~ PASS ~ Bottom=True
[112, 2]: (56, 28) ~ PASS ~ Bottom=True
[112, 3]: (84, 63) ~ PASS ~ Bottom=True
[112, 4]: (112, 112) ~ PASS ~ Bottom=True
[112, 5]: (140, 175) ~ PASS ~ Bottom=True
[113, 1]: (113, 113) ~ PASS ~ Bottom=False
[113, 2]: (226, 452) ~ PASS ~ Bottom=True
[113, 3]: (339, 1017) ~ PASS ~ Bottom=False
[113, 4]: (452, 1808) ~ PASS ~ Bottom=True
[113, 5]: (565, 2825) ~ PASS ~ Bottom=False
[114, 1]: (114, 114) ~ PASS ~ Bottom=True
[114, 2]: (228, 456) ~ PASS ~ Bottom=True
[114, 3]: (342, 1026) ~ PASS ~ Bottom=True
[114, 4]: (456, 1824) ~ PASS ~ Bottom=True
[114, 5]: (570, 2850) ~ PASS ~ Bottom=True
[115, 1]: (115, 115) ~ PASS ~ Bottom=False
[115, 2]: (230, 460) ~ PASS ~ Bottom=True
[115, 3]: (345, 1035) ~ PASS ~ Bottom=False
[115, 4]: (460, 1840) ~ PASS ~ Bottom=True
[115, 5]: (575, 2875) ~ PASS ~ Bottom=False
[116, 1]: (58, 29) ~ PASS ~ Bottom=True
[116, 2]: (116, 116) ~ PASS ~ Bottom=True
[116, 3]: (174, 261) ~ PASS ~ Bottom=True
[116, 4]: (232, 464) ~ PASS ~ Bottom=True
[116, 5]: (290, 725) ~ PASS ~ Bottom=True
[117, 1]: (39, 13) ~ PASS ~ Bottom=False
[117, 2]: (78, 52) ~ PASS ~ Bottom=True
[117, 3]: (117, 117) ~ PASS ~ Bottom=False
[117, 4]: (156, 208) ~ PASS ~ Bottom=True
[117, 5]: (195, 325) ~ PASS ~ Bottom=False
[118, 1]: (118, 118) ~ PASS ~ Bottom=True
[118, 2]: (236, 472) ~ PASS ~ Bottom=True
[118, 3]: (354, 1062) ~ PASS ~ Bottom=True
[118, 4]: (472, 1888) ~ PASS ~ Bottom=True
[118, 5]: (590, 2950) ~ PASS ~ Bottom=True
[119, 1]: (119, 119) ~ PASS ~ Bottom=False
[119, 2]: (238, 476) ~ PASS ~ Bottom=True
[119, 3]: (357, 1071) ~ PASS ~ Bottom=False
[119, 4]: (476, 1904) ~ PASS ~ Bottom=True
[119, 5]: (595, 2975) ~ PASS ~ Bottom=False
[120, 1]: (60, 30) ~ PASS ~ Bottom=True
[120, 2]: (120, 120) ~ PASS ~ Bottom=True
[120, 3]: (180, 270) ~ PASS ~ Bottom=True
[120, 4]: (240, 480) ~ PASS ~ Bottom=True
[120, 5]: (300, 750) ~ PASS ~ Bottom=True
[121, 1]: (11, 1) ~ PASS ~ Bottom=False
[121, 2]: (22, 4) ~ PASS ~ Bottom=True
[121, 3]: (33, 9) ~ PASS ~ Bottom=False
[121, 4]: (44, 16) ~ PASS ~ Bottom=True
[121, 5]: (55, 25) ~ PASS ~ Bottom=False
[122, 1]: (122, 122) ~ PASS ~ Bottom=True
[122, 2]: (244, 488) ~ PASS ~ Bottom=True
[122, 3]: (366, 1098) ~ PASS ~ Bottom=True
[122, 4]: (488, 1952) ~ PASS ~ Bottom=True
[122, 5]: (610, 3050) ~ PASS ~ Bottom=True
[123, 1]: (123, 123) ~ PASS ~ Bottom=False
[123, 2]: (246, 492) ~ PASS ~ Bottom=True
[123, 3]: (369, 1107) ~ PASS ~ Bottom=False
[123, 4]: (492, 1968) ~ PASS ~ Bottom=True
[123, 5]: (615, 3075) ~ PASS ~ Bottom=False
[124, 1]: (62, 31) ~ PASS ~ Bottom=True
[124, 2]: (124, 124) ~ PASS ~ Bottom=True
[124, 3]: (186, 279) ~ PASS ~ Bottom=True
[124, 4]: (248, 496) ~ PASS ~ Bottom=True
[124, 5]: (310, 775) ~ PASS ~ Bottom=True
[125, 1]: (25, 5) ~ PASS ~ Bottom=False
[125, 2]: (50, 20) ~ PASS ~ Bottom=True
[125, 3]: (75, 45) ~ PASS ~ Bottom=False
[125, 4]: (100, 80) ~ PASS ~ Bottom=True
[125, 5]: (125, 125) ~ PASS ~ Bottom=False
[126, 1]: (42, 14) ~ PASS ~ Bottom=True
[126, 2]: (84, 56) ~ PASS ~ Bottom=True
[126, 3]: (126, 126) ~ PASS ~ Bottom=True
[126, 4]: (168, 224) ~ PASS ~ Bottom=True
[126, 5]: (210, 350) ~ PASS ~ Bottom=True
[127, 1]: (127, 127) ~ PASS ~ Bottom=False
[127, 2]: (254, 508) ~ PASS ~ Bottom=True
[127, 3]: (381, 1143) ~ PASS ~ Bottom=False
[127, 4]: (508, 2032) ~ PASS ~ Bottom=True
[127, 5]: (635, 3175) ~ PASS ~ Bottom=False
[128, 1]: (16, 2) ~ PASS ~ Bottom=True
[128, 2]: (32, 8) ~ PASS ~ Bottom=True
[128, 3]: (48, 18) ~ PASS ~ Bottom=True
[128, 4]: (64, 32) ~ PASS ~ Bottom=True
[128, 5]: (80, 50) ~ PASS ~ Bottom=True
[129, 1]: (129, 129) ~ PASS ~ Bottom=False
[129, 2]: (258, 516) ~ PASS ~ Bottom=True
[129, 3]: (387, 1161) ~ PASS ~ Bottom=False
[129, 4]: (516, 2064) ~ PASS ~ Bottom=True
[129, 5]: (645, 3225) ~ PASS ~ Bottom=False
[130, 1]: (130, 130) ~ PASS ~ Bottom=True
[130, 2]: (260, 520) ~ PASS ~ Bottom=True
[130, 3]: (390, 1170) ~ PASS ~ Bottom=True
[130, 4]: (520, 2080) ~ PASS ~ Bottom=True
[130, 5]: (650, 3250) ~ PASS ~ Bottom=True
[131, 1]: (131, 131) ~ PASS ~ Bottom=False
[131, 2]: (262, 524) ~ PASS ~ Bottom=True
[131, 3]: (393, 1179) ~ PASS ~ Bottom=False
[131, 4]: (524, 2096) ~ PASS ~ Bottom=True
[131, 5]: (655, 3275) ~ PASS ~ Bottom=False
[132, 1]: (66, 33) ~ PASS ~ Bottom=True
[132, 2]: (132, 132) ~ PASS ~ Bottom=True
[132, 3]: (198, 297) ~ PASS ~ Bottom=True
[132, 4]: (264, 528) ~ PASS ~ Bottom=True
[132, 5]: (330, 825) ~ PASS ~ Bottom=True
[133, 1]: (133, 133) ~ PASS ~ Bottom=False
[133, 2]: (266, 532) ~ PASS ~ Bottom=True
[133, 3]: (399, 1197) ~ PASS ~ Bottom=False
[133, 4]: (532, 2128) ~ PASS ~ Bottom=True
[133, 5]: (665, 3325) ~ PASS ~ Bottom=False
[134, 1]: (134, 134) ~ PASS ~ Bottom=True
[134, 2]: (268, 536) ~ PASS ~ Bottom=True
[134, 3]: (402, 1206) ~ PASS ~ Bottom=True
[134, 4]: (536, 2144) ~ PASS ~ Bottom=True
[134, 5]: (670, 3350) ~ PASS ~ Bottom=True
[135, 1]: (45, 15) ~ PASS ~ Bottom=False
[135, 2]: (90, 60) ~ PASS ~ Bottom=True
[135, 3]: (135, 135) ~ PASS ~ Bottom=False
[135, 4]: (180, 240) ~ PASS ~ Bottom=True
[135, 5]: (225, 375) ~ PASS ~ Bottom=False
[136, 1]: (68, 34) ~ PASS ~ Bottom=True
[136, 2]: (136, 136) ~ PASS ~ Bottom=True
[136, 3]: (204, 306) ~ PASS ~ Bottom=True
[136, 4]: (272, 544) ~ PASS ~ Bottom=True
[136, 5]: (340, 850) ~ PASS ~ Bottom=True
[137, 1]: (137, 137) ~ PASS ~ Bottom=False
[137, 2]: (274, 548) ~ PASS ~ Bottom=True
[137, 3]: (411, 1233) ~ PASS ~ Bottom=False
[137, 4]: (548, 2192) ~ PASS ~ Bottom=True
[137, 5]: (685, 3425) ~ PASS ~ Bottom=False
[138, 1]: (138, 138) ~ PASS ~ Bottom=True
[138, 2]: (276, 552) ~ PASS ~ Bottom=True
[138, 3]: (414, 1242) ~ PASS ~ Bottom=True
[138, 4]: (552, 2208) ~ PASS ~ Bottom=True
[138, 5]: (690, 3450) ~ PASS ~ Bottom=True
[139, 1]: (139, 139) ~ PASS ~ Bottom=False
[139, 2]: (278, 556) ~ PASS ~ Bottom=True
[139, 3]: (417, 1251) ~ PASS ~ Bottom=False
[139, 4]: (556, 2224) ~ PASS ~ Bottom=True
[139, 5]: (695, 3475) ~ PASS ~ Bottom=False
[140, 1]: (70, 35) ~ PASS ~ Bottom=True
[140, 2]: (140, 140) ~ PASS ~ Bottom=True
[140, 3]: (210, 315) ~ PASS ~ Bottom=True
[140, 4]: (280, 560) ~ PASS ~ Bottom=True
[140, 5]: (350, 875) ~ PASS ~ Bottom=True
[141, 1]: (141, 141) ~ PASS ~ Bottom=False
[141, 2]: (282, 564) ~ PASS ~ Bottom=True
[141, 3]: (423, 1269) ~ PASS ~ Bottom=False
[141, 4]: (564, 2256) ~ PASS ~ Bottom=True
[141, 5]: (705, 3525) ~ PASS ~ Bottom=False
[142, 1]: (142, 142) ~ PASS ~ Bottom=True
[142, 2]: (284, 568) ~ PASS ~ Bottom=True
[142, 3]: (426, 1278) ~ PASS ~ Bottom=True
[142, 4]: (568, 2272) ~ PASS ~ Bottom=True
[142, 5]: (710, 3550) ~ PASS ~ Bottom=True
[143, 1]: (143, 143) ~ PASS ~ Bottom=False
[143, 2]: (286, 572) ~ PASS ~ Bottom=True
[143, 3]: (429, 1287) ~ PASS ~ Bottom=False
[143, 4]: (572, 2288) ~ PASS ~ Bottom=True
[143, 5]: (715, 3575) ~ PASS ~ Bottom=False
[144, 1]: (12, 1) ~ PASS ~ Bottom=True
[144, 2]: (24, 4) ~ PASS ~ Bottom=True
[144, 3]: (36, 9) ~ PASS ~ Bottom=True
[144, 4]: (48, 16) ~ PASS ~ Bottom=True
[144, 5]: (60, 25) ~ PASS ~ Bottom=True
[145, 1]: (145, 145) ~ PASS ~ Bottom=False
[145, 2]: (290, 580) ~ PASS ~ Bottom=True
[145, 3]: (435, 1305) ~ PASS ~ Bottom=False
[145, 4]: (580, 2320) ~ PASS ~ Bottom=True
[145, 5]: (725, 3625) ~ PASS ~ Bottom=False
[146, 1]: (146, 146) ~ PASS ~ Bottom=True
[146, 2]: (292, 584) ~ PASS ~ Bottom=True
[146, 3]: (438, 1314) ~ PASS ~ Bottom=True
[146, 4]: (584, 2336) ~ PASS ~ Bottom=True
[146, 5]: (730, 3650) ~ PASS ~ Bottom=True
[147, 1]: (21, 3) ~ PASS ~ Bottom=False
[147, 2]: (42, 12) ~ PASS ~ Bottom=True
[147, 3]: (63, 27) ~ PASS ~ Bottom=False
[147, 4]: (84, 48) ~ PASS ~ Bottom=True
[147, 5]: (105, 75) ~ PASS ~ Bottom=False
[148, 1]: (74, 37) ~ PASS ~ Bottom=True
[148, 2]: (148, 148) ~ PASS ~ Bottom=True
[148, 3]: (222, 333) ~ PASS ~ Bottom=True
[148, 4]: (296, 592) ~ PASS ~ Bottom=True
[148, 5]: (370, 925) ~ PASS ~ Bottom=True
[149, 1]: (149, 149) ~ PASS ~ Bottom=False
[149, 2]: (298, 596) ~ PASS ~ Bottom=True
[149, 3]: (447, 1341) ~ PASS ~ Bottom=False
[149, 4]: (596, 2384) ~ PASS ~ Bottom=True
[149, 5]: (745, 3725) ~ PASS ~ Bottom=False
[150, 1]: (30, 6) ~ PASS ~ Bottom=True
[150, 2]: (60, 24) ~ PASS ~ Bottom=True
[150, 3]: (90, 54) ~ PASS ~ Bottom=True
[150, 4]: (120, 96) ~ PASS ~ Bottom=True
[150, 5]: (150, 150) ~ PASS ~ Bottom=True
(101, 150, 1, 5) time: 1170.890550 seconds
151
152
153
154
155
156
157
158
159
160
161
162
163
164
165
166
167
168
169
170
171
172
173
174
175
176
177
178
179
180
181
182
183
184
185
186
187
188
189
190
191
192
193
194
195
196
197
198
199
200
[151, 1]: (151, 151) ~ PASS ~ Bottom=False
[151, 2]: (302, 604) ~ PASS ~ Bottom=True
[151, 3]: (453, 1359) ~ PASS ~ Bottom=False
[151, 4]: (604, 2416) ~ PASS ~ Bottom=True
[151, 5]: (755, 3775) ~ PASS ~ Bottom=False
[152, 1]: (76, 38) ~ PASS ~ Bottom=True
[152, 2]: (152, 152) ~ PASS ~ Bottom=True
[152, 3]: (228, 342) ~ PASS ~ Bottom=True
[152, 4]: (304, 608) ~ PASS ~ Bottom=True
[152, 5]: (380, 950) ~ PASS ~ Bottom=True
[153, 1]: (51, 17) ~ PASS ~ Bottom=False
[153, 2]: (102, 68) ~ PASS ~ Bottom=True
[153, 3]: (153, 153) ~ PASS ~ Bottom=False
[153, 4]: (204, 272) ~ PASS ~ Bottom=True
[153, 5]: (255, 425) ~ PASS ~ Bottom=False
[154, 1]: (154, 154) ~ PASS ~ Bottom=True
[154, 2]: (308, 616) ~ PASS ~ Bottom=True
[154, 3]: (462, 1386) ~ PASS ~ Bottom=True
[154, 4]: (616, 2464) ~ PASS ~ Bottom=True
[154, 5]: (770, 3850) ~ PASS ~ Bottom=True
[155, 1]: (155, 155) ~ PASS ~ Bottom=False
[155, 2]: (310, 620) ~ PASS ~ Bottom=True
[155, 3]: (465, 1395) ~ PASS ~ Bottom=False
[155, 4]: (620, 2480) ~ PASS ~ Bottom=True
[155, 5]: (775, 3875) ~ PASS ~ Bottom=False
[156, 1]: (78, 39) ~ PASS ~ Bottom=True
[156, 2]: (156, 156) ~ PASS ~ Bottom=True
[156, 3]: (234, 351) ~ PASS ~ Bottom=True
[156, 4]: (312, 624) ~ PASS ~ Bottom=True
[156, 5]: (390, 975) ~ PASS ~ Bottom=True
[157, 1]: (157, 157) ~ PASS ~ Bottom=False
[157, 2]: (314, 628) ~ PASS ~ Bottom=True
[157, 3]: (471, 1413) ~ PASS ~ Bottom=False
[157, 4]: (628, 2512) ~ PASS ~ Bottom=True
[157, 5]: (785, 3925) ~ PASS ~ Bottom=False
[158, 1]: (158, 158) ~ PASS ~ Bottom=True
[158, 2]: (316, 632) ~ PASS ~ Bottom=True
[158, 3]: (474, 1422) ~ PASS ~ Bottom=True
[158, 4]: (632, 2528) ~ PASS ~ Bottom=True
[158, 5]: (790, 3950) ~ PASS ~ Bottom=True
[159, 1]: (159, 159) ~ PASS ~ Bottom=False
[159, 2]: (318, 636) ~ PASS ~ Bottom=True
[159, 3]: (477, 1431) ~ PASS ~ Bottom=False
[159, 4]: (636, 2544) ~ PASS ~ Bottom=True
[159, 5]: (795, 3975) ~ PASS ~ Bottom=False
[160, 1]: (40, 10) ~ PASS ~ Bottom=True
[160, 2]: (80, 40) ~ PASS ~ Bottom=True
[160, 3]: (120, 90) ~ PASS ~ Bottom=True
[160, 4]: (160, 160) ~ PASS ~ Bottom=True
[160, 5]: (200, 250) ~ PASS ~ Bottom=True
[161, 1]: (161, 161) ~ PASS ~ Bottom=False
[161, 2]: (322, 644) ~ PASS ~ Bottom=True
[161, 3]: (483, 1449) ~ PASS ~ Bottom=False
[161, 4]: (644, 2576) ~ PASS ~ Bottom=True
[161, 5]: (805, 4025) ~ PASS ~ Bottom=False
[162, 1]: (18, 2) ~ PASS ~ Bottom=True
[162, 2]: (36, 8) ~ PASS ~ Bottom=True
[162, 3]: (54, 18) ~ PASS ~ Bottom=True
[162, 4]: (72, 32) ~ PASS ~ Bottom=True
[162, 5]: (90, 50) ~ PASS ~ Bottom=True
[163, 1]: (163, 163) ~ PASS ~ Bottom=False
[163, 2]: (326, 652) ~ PASS ~ Bottom=True
[163, 3]: (489, 1467) ~ PASS ~ Bottom=False
[163, 4]: (652, 2608) ~ PASS ~ Bottom=True
[163, 5]: (815, 4075) ~ PASS ~ Bottom=False
[164, 1]: (82, 41) ~ PASS ~ Bottom=True
[164, 2]: (164, 164) ~ PASS ~ Bottom=True
[164, 3]: (246, 369) ~ PASS ~ Bottom=True
[164, 4]: (328, 656) ~ PASS ~ Bottom=True
[164, 5]: (410, 1025) ~ PASS ~ Bottom=True
[165, 1]: (165, 165) ~ PASS ~ Bottom=False
[165, 2]: (330, 660) ~ PASS ~ Bottom=True
[165, 3]: (495, 1485) ~ PASS ~ Bottom=False
[165, 4]: (660, 2640) ~ PASS ~ Bottom=True
[165, 5]: (825, 4125) ~ PASS ~ Bottom=False
[166, 1]: (166, 166) ~ PASS ~ Bottom=True
[166, 2]: (332, 664) ~ PASS ~ Bottom=True
[166, 3]: (498, 1494) ~ PASS ~ Bottom=True
[166, 4]: (664, 2656) ~ PASS ~ Bottom=True
[166, 5]: (830, 4150) ~ PASS ~ Bottom=True
[167, 1]: (167, 167) ~ PASS ~ Bottom=False
[167, 2]: (334, 668) ~ PASS ~ Bottom=True
[167, 3]: (501, 1503) ~ PASS ~ Bottom=False
[167, 4]: (668, 2672) ~ PASS ~ Bottom=True
[167, 5]: (835, 4175) ~ PASS ~ Bottom=False
[168, 1]: (84, 42) ~ PASS ~ Bottom=True
[168, 2]: (168, 168) ~ PASS ~ Bottom=True
[168, 3]: (252, 378) ~ PASS ~ Bottom=True
[168, 4]: (336, 672) ~ PASS ~ Bottom=True
[168, 5]: (420, 1050) ~ PASS ~ Bottom=True
[169, 1]: (13, 1) ~ PASS ~ Bottom=False
[169, 2]: (26, 4) ~ PASS ~ Bottom=True
[169, 3]: (39, 9) ~ PASS ~ Bottom=False
[169, 4]: (52, 16) ~ PASS ~ Bottom=True
[169, 5]: (65, 25) ~ PASS ~ Bottom=False
[170, 1]: (170, 170) ~ PASS ~ Bottom=True
[170, 2]: (340, 680) ~ PASS ~ Bottom=True
[170, 3]: (510, 1530) ~ PASS ~ Bottom=True
[170, 4]: (680, 2720) ~ PASS ~ Bottom=True
[170, 5]: (850, 4250) ~ PASS ~ Bottom=True
[171, 1]: (57, 19) ~ PASS ~ Bottom=False
[171, 2]: (114, 76) ~ PASS ~ Bottom=True
[171, 3]: (171, 171) ~ PASS ~ Bottom=False
[171, 4]: (228, 304) ~ PASS ~ Bottom=True
[171, 5]: (285, 475) ~ PASS ~ Bottom=False
[172, 1]: (86, 43) ~ PASS ~ Bottom=True
[172, 2]: (172, 172) ~ PASS ~ Bottom=True
[172, 3]: (258, 387) ~ PASS ~ Bottom=True
[172, 4]: (344, 688) ~ PASS ~ Bottom=True
[172, 5]: (430, 1075) ~ PASS ~ Bottom=True
[173, 1]: (173, 173) ~ PASS ~ Bottom=False
[173, 2]: (346, 692) ~ PASS ~ Bottom=True
[173, 3]: (519, 1557) ~ PASS ~ Bottom=False
[173, 4]: (692, 2768) ~ PASS ~ Bottom=True
[173, 5]: (865, 4325) ~ PASS ~ Bottom=False
[174, 1]: (174, 174) ~ PASS ~ Bottom=True
[174, 2]: (348, 696) ~ PASS ~ Bottom=True
[174, 3]: (522, 1566) ~ PASS ~ Bottom=True
[174, 4]: (696, 2784) ~ PASS ~ Bottom=True
[174, 5]: (870, 4350) ~ PASS ~ Bottom=True
[175, 1]: (35, 7) ~ PASS ~ Bottom=False
[175, 2]: (70, 28) ~ PASS ~ Bottom=True
[175, 3]: (105, 63) ~ PASS ~ Bottom=False
[175, 4]: (140, 112) ~ PASS ~ Bottom=True
[175, 5]: (175, 175) ~ PASS ~ Bottom=False
[176, 1]: (44, 11) ~ PASS ~ Bottom=True
[176, 2]: (88, 44) ~ PASS ~ Bottom=True
[176, 3]: (132, 99) ~ PASS ~ Bottom=True
[176, 4]: (176, 176) ~ PASS ~ Bottom=True
[176, 5]: (220, 275) ~ PASS ~ Bottom=True
[177, 1]: (177, 177) ~ PASS ~ Bottom=False
[177, 2]: (354, 708) ~ PASS ~ Bottom=True
[177, 3]: (531, 1593) ~ PASS ~ Bottom=False
[177, 4]: (708, 2832) ~ PASS ~ Bottom=True
[177, 5]: (885, 4425) ~ PASS ~ Bottom=False
[178, 1]: (178, 178) ~ PASS ~ Bottom=True
[178, 2]: (356, 712) ~ PASS ~ Bottom=True
[178, 3]: (534, 1602) ~ PASS ~ Bottom=True
[178, 4]: (712, 2848) ~ PASS ~ Bottom=True
[178, 5]: (890, 4450) ~ PASS ~ Bottom=True
[179, 1]: (179, 179) ~ PASS ~ Bottom=False
[179, 2]: (358, 716) ~ PASS ~ Bottom=True
[179, 3]: (537, 1611) ~ PASS ~ Bottom=False
[179, 4]: (716, 2864) ~ PASS ~ Bottom=True
[179, 5]: (895, 4475) ~ PASS ~ Bottom=False
[180, 1]: (30, 5) ~ PASS ~ Bottom=True
[180, 2]: (60, 20) ~ PASS ~ Bottom=True
[180, 3]: (90, 45) ~ PASS ~ Bottom=True
[180, 4]: (120, 80) ~ PASS ~ Bottom=True
[180, 5]: (150, 125) ~ PASS ~ Bottom=True
[181, 1]: (181, 181) ~ PASS ~ Bottom=False
[181, 2]: (362, 724) ~ PASS ~ Bottom=True
[181, 3]: (543, 1629) ~ PASS ~ Bottom=False
[181, 4]: (724, 2896) ~ PASS ~ Bottom=True
[181, 5]: (905, 4525) ~ PASS ~ Bottom=False
[182, 1]: (182, 182) ~ PASS ~ Bottom=True
[182, 2]: (364, 728) ~ PASS ~ Bottom=True
[182, 3]: (546, 1638) ~ PASS ~ Bottom=True
[182, 4]: (728, 2912) ~ PASS ~ Bottom=True
[182, 5]: (910, 4550) ~ PASS ~ Bottom=True
[183, 1]: (183, 183) ~ PASS ~ Bottom=False
[183, 2]: (366, 732) ~ PASS ~ Bottom=True
[183, 3]: (549, 1647) ~ PASS ~ Bottom=False
[183, 4]: (732, 2928) ~ PASS ~ Bottom=True
[183, 5]: (915, 4575) ~ PASS ~ Bottom=False
[184, 1]: (92, 46) ~ PASS ~ Bottom=True
[184, 2]: (184, 184) ~ PASS ~ Bottom=True
[184, 3]: (276, 414) ~ PASS ~ Bottom=True
[184, 4]: (368, 736) ~ PASS ~ Bottom=True
[184, 5]: (460, 1150) ~ PASS ~ Bottom=True
[185, 1]: (185, 185) ~ PASS ~ Bottom=False
[185, 2]: (370, 740) ~ PASS ~ Bottom=True
[185, 3]: (555, 1665) ~ PASS ~ Bottom=False
[185, 4]: (740, 2960) ~ PASS ~ Bottom=True
[185, 5]: (925, 4625) ~ PASS ~ Bottom=False
[186, 1]: (186, 186) ~ PASS ~ Bottom=True
[186, 2]: (372, 744) ~ PASS ~ Bottom=True
[186, 3]: (558, 1674) ~ PASS ~ Bottom=True
[186, 4]: (744, 2976) ~ PASS ~ Bottom=True
[186, 5]: (930, 4650) ~ PASS ~ Bottom=True
[187, 1]: (187, 187) ~ PASS ~ Bottom=False
[187, 2]: (374, 748) ~ PASS ~ Bottom=True
[187, 3]: (561, 1683) ~ PASS ~ Bottom=False
[187, 4]: (748, 2992) ~ PASS ~ Bottom=True
[187, 5]: (935, 4675) ~ PASS ~ Bottom=False
[188, 1]: (94, 47) ~ PASS ~ Bottom=True
[188, 2]: (188, 188) ~ PASS ~ Bottom=True
[188, 3]: (282, 423) ~ PASS ~ Bottom=True
[188, 4]: (376, 752) ~ PASS ~ Bottom=True
[188, 5]: (470, 1175) ~ PASS ~ Bottom=True
[189, 1]: (63, 21) ~ PASS ~ Bottom=False
[189, 2]: (126, 84) ~ PASS ~ Bottom=True
[189, 3]: (189, 189) ~ PASS ~ Bottom=False
[189, 4]: (252, 336) ~ PASS ~ Bottom=True
[189, 5]: (315, 525) ~ PASS ~ Bottom=False
[190, 1]: (190, 190) ~ PASS ~ Bottom=True
[190, 2]: (380, 760) ~ PASS ~ Bottom=True
[190, 3]: (570, 1710) ~ PASS ~ Bottom=True
[190, 4]: (760, 3040) ~ PASS ~ Bottom=True
[190, 5]: (950, 4750) ~ PASS ~ Bottom=True
[191, 1]: (191, 191) ~ PASS ~ Bottom=False
[191, 2]: (382, 764) ~ PASS ~ Bottom=True
[191, 3]: (573, 1719) ~ PASS ~ Bottom=False
[191, 4]: (764, 3056) ~ PASS ~ Bottom=True
[191, 5]: (955, 4775) ~ PASS ~ Bottom=False
[192, 1]: (24, 3) ~ PASS ~ Bottom=True
[192, 2]: (48, 12) ~ PASS ~ Bottom=True
[192, 3]: (72, 27) ~ PASS ~ Bottom=True
[192, 4]: (96, 48) ~ PASS ~ Bottom=True
[192, 5]: (120, 75) ~ PASS ~ Bottom=True
[193, 1]: (193, 193) ~ PASS ~ Bottom=False
[193, 2]: (386, 772) ~ PASS ~ Bottom=True
[193, 3]: (579, 1737) ~ PASS ~ Bottom=False
[193, 4]: (772, 3088) ~ PASS ~ Bottom=True
[193, 5]: (965, 4825) ~ PASS ~ Bottom=False
[194, 1]: (194, 194) ~ PASS ~ Bottom=True
[194, 2]: (388, 776) ~ PASS ~ Bottom=True
[194, 3]: (582, 1746) ~ PASS ~ Bottom=True
[194, 4]: (776, 3104) ~ PASS ~ Bottom=True
[194, 5]: (970, 4850) ~ PASS ~ Bottom=True
[195, 1]: (195, 195) ~ PASS ~ Bottom=False
[195, 2]: (390, 780) ~ PASS ~ Bottom=True
[195, 3]: (585, 1755) ~ PASS ~ Bottom=False
[195, 4]: (780, 3120) ~ PASS ~ Bottom=True
[195, 5]: (975, 4875) ~ PASS ~ Bottom=False
[196, 1]: (14, 1) ~ PASS ~ Bottom=True
[196, 2]: (28, 4) ~ PASS ~ Bottom=True
[196, 3]: (42, 9) ~ PASS ~ Bottom=True
[196, 4]: (56, 16) ~ PASS ~ Bottom=True
[196, 5]: (70, 25) ~ PASS ~ Bottom=True
[197, 1]: (197, 197) ~ PASS ~ Bottom=False
[197, 2]: (394, 788) ~ PASS ~ Bottom=True
[197, 3]: (591, 1773) ~ PASS ~ Bottom=False
[197, 4]: (788, 3152) ~ PASS ~ Bottom=True
[197, 5]: (985, 4925) ~ PASS ~ Bottom=False
[198, 1]: (66, 22) ~ PASS ~ Bottom=True
[198, 2]: (132, 88) ~ PASS ~ Bottom=True
[198, 3]: (198, 198) ~ PASS ~ Bottom=True
[198, 4]: (264, 352) ~ PASS ~ Bottom=True
[198, 5]: (330, 550) ~ PASS ~ Bottom=True
[199, 1]: (199, 199) ~ PASS ~ Bottom=False
[199, 2]: (398, 796) ~ PASS ~ Bottom=True
[199, 3]: (597, 1791) ~ PASS ~ Bottom=False
[199, 4]: (796, 3184) ~ PASS ~ Bottom=True
[199, 5]: (995, 4975) ~ PASS ~ Bottom=False
[200, 1]: (20, 2) ~ PASS ~ Bottom=True
[200, 2]: (40, 8) ~ PASS ~ Bottom=True
[200, 3]: (60, 18) ~ PASS ~ Bottom=True
[200, 4]: (80, 32) ~ PASS ~ Bottom=True
[200, 5]: (100, 50) ~ PASS ~ Bottom=True
(151, 200, 1, 5) time: 3971.617438 seconds
201
202
203
204
205
206
207
208
209
210
211
212
213
214
215
216
217
218
219
220
221
222
223
224
225
226
227
228
229
230
231
232
233
234
235
236
237
238
239
240
241
242
243
244
245
246
247
248
249
250
[201, 1]: (201, 201) ~ PASS ~ Bottom=False
[201, 2]: (402, 804) ~ PASS ~ Bottom=True
[201, 3]: (603, 1809) ~ PASS ~ Bottom=False
[201, 4]: (804, 3216) ~ PASS ~ Bottom=True
[201, 5]: (1005, 5025) ~ PASS ~ Bottom=False
[202, 1]: (202, 202) ~ PASS ~ Bottom=True
[202, 2]: (404, 808) ~ PASS ~ Bottom=True
[202, 3]: (606, 1818) ~ PASS ~ Bottom=True
[202, 4]: (808, 3232) ~ PASS ~ Bottom=True
[202, 5]: (1010, 5050) ~ PASS ~ Bottom=True
[203, 1]: (203, 203) ~ PASS ~ Bottom=False
[203, 2]: (406, 812) ~ PASS ~ Bottom=True
[203, 3]: (609, 1827) ~ PASS ~ Bottom=False
[203, 4]: (812, 3248) ~ PASS ~ Bottom=True
[203, 5]: (1015, 5075) ~ PASS ~ Bottom=False
[204, 1]: (102, 51) ~ PASS ~ Bottom=True
[204, 2]: (204, 204) ~ PASS ~ Bottom=True
[204, 3]: (306, 459) ~ PASS ~ Bottom=True
[204, 4]: (408, 816) ~ PASS ~ Bottom=True
[204, 5]: (510, 1275) ~ PASS ~ Bottom=True
[205, 1]: (205, 205) ~ PASS ~ Bottom=False
[205, 2]: (410, 820) ~ PASS ~ Bottom=True
[205, 3]: (615, 1845) ~ PASS ~ Bottom=False
[205, 4]: (820, 3280) ~ PASS ~ Bottom=True
[205, 5]: (1025, 5125) ~ PASS ~ Bottom=False
[206, 1]: (206, 206) ~ PASS ~ Bottom=True
[206, 2]: (412, 824) ~ PASS ~ Bottom=True
[206, 3]: (618, 1854) ~ PASS ~ Bottom=True
[206, 4]: (824, 3296) ~ PASS ~ Bottom=True
[206, 5]: (1030, 5150) ~ PASS ~ Bottom=True
[207, 1]: (69, 23) ~ PASS ~ Bottom=False
[207, 2]: (138, 92) ~ PASS ~ Bottom=True
[207, 3]: (207, 207) ~ PASS ~ Bottom=False
[207, 4]: (276, 368) ~ PASS ~ Bottom=True
[207, 5]: (345, 575) ~ PASS ~ Bottom=False
[208, 1]: (52, 13) ~ PASS ~ Bottom=True
[208, 2]: (104, 52) ~ PASS ~ Bottom=True
[208, 3]: (156, 117) ~ PASS ~ Bottom=True
[208, 4]: (208, 208) ~ PASS ~ Bottom=True
[208, 5]: (260, 325) ~ PASS ~ Bottom=True
[209, 1]: (209, 209) ~ PASS ~ Bottom=False
[209, 2]: (418, 836) ~ PASS ~ Bottom=True
[209, 3]: (627, 1881) ~ PASS ~ Bottom=False
[209, 4]: (836, 3344) ~ PASS ~ Bottom=True
[209, 5]: (1045, 5225) ~ PASS ~ Bottom=False
[210, 1]: (210, 210) ~ PASS ~ Bottom=True
[210, 2]: (420, 840) ~ PASS ~ Bottom=True
[210, 3]: (630, 1890) ~ PASS ~ Bottom=True
[210, 4]: (840, 3360) ~ PASS ~ Bottom=True
[210, 5]: (1050, 5250) ~ PASS ~ Bottom=True
[211, 1]: (211, 211) ~ PASS ~ Bottom=False
[211, 2]: (422, 844) ~ PASS ~ Bottom=True
[211, 3]: (633, 1899) ~ PASS ~ Bottom=False
[211, 4]: (844, 3376) ~ PASS ~ Bottom=True
[211, 5]: (1055, 5275) ~ PASS ~ Bottom=False
[212, 1]: (106, 53) ~ PASS ~ Bottom=True
[212, 2]: (212, 212) ~ PASS ~ Bottom=True
[212, 3]: (318, 477) ~ PASS ~ Bottom=True
[212, 4]: (424, 848) ~ PASS ~ Bottom=True
[212, 5]: (530, 1325) ~ PASS ~ Bottom=True
[213, 1]: (213, 213) ~ PASS ~ Bottom=False
[213, 2]: (426, 852) ~ PASS ~ Bottom=True
[213, 3]: (639, 1917) ~ PASS ~ Bottom=False
[213, 4]: (852, 3408) ~ PASS ~ Bottom=True
[213, 5]: (1065, 5325) ~ PASS ~ Bottom=False
[214, 1]: (214, 214) ~ PASS ~ Bottom=True
[214, 2]: (428, 856) ~ PASS ~ Bottom=True
[214, 3]: (642, 1926) ~ PASS ~ Bottom=True
[214, 4]: (856, 3424) ~ PASS ~ Bottom=True
[214, 5]: (1070, 5350) ~ PASS ~ Bottom=True
[215, 1]: (215, 215) ~ PASS ~ Bottom=False
[215, 2]: (430, 860) ~ PASS ~ Bottom=True
[215, 3]: (645, 1935) ~ PASS ~ Bottom=False
[215, 4]: (860, 3440) ~ PASS ~ Bottom=True
[215, 5]: (1075, 5375) ~ PASS ~ Bottom=False
[216, 1]: (36, 6) ~ PASS ~ Bottom=True
[216, 2]: (72, 24) ~ PASS ~ Bottom=True
[216, 3]: (108, 54) ~ PASS ~ Bottom=True
[216, 4]: (144, 96) ~ PASS ~ Bottom=True
[216, 5]: (180, 150) ~ PASS ~ Bottom=True
[217, 1]: (217, 217) ~ PASS ~ Bottom=False
[217, 2]: (434, 868) ~ PASS ~ Bottom=True
[217, 3]: (651, 1953) ~ PASS ~ Bottom=False
[217, 4]: (868, 3472) ~ PASS ~ Bottom=True
[217, 5]: (1085, 5425) ~ PASS ~ Bottom=False
[218, 1]: (218, 218) ~ PASS ~ Bottom=True
[218, 2]: (436, 872) ~ PASS ~ Bottom=True
[218, 3]: (654, 1962) ~ PASS ~ Bottom=True
[218, 4]: (872, 3488) ~ PASS ~ Bottom=True
[218, 5]: (1090, 5450) ~ PASS ~ Bottom=True
[219, 1]: (219, 219) ~ PASS ~ Bottom=False
[219, 2]: (438, 876) ~ PASS ~ Bottom=True
[219, 3]: (657, 1971) ~ PASS ~ Bottom=False
[219, 4]: (876, 3504) ~ PASS ~ Bottom=True
[219, 5]: (1095, 5475) ~ PASS ~ Bottom=False
[220, 1]: (110, 55) ~ PASS ~ Bottom=True
[220, 2]: (220, 220) ~ PASS ~ Bottom=True
[220, 3]: (330, 495) ~ PASS ~ Bottom=True
[220, 4]: (440, 880) ~ PASS ~ Bottom=True
[220, 5]: (550, 1375) ~ PASS ~ Bottom=True
[221, 1]: (221, 221) ~ PASS ~ Bottom=False
[221, 2]: (442, 884) ~ PASS ~ Bottom=True
[221, 3]: (663, 1989) ~ PASS ~ Bottom=False
[221, 4]: (884, 3536) ~ PASS ~ Bottom=True
[221, 5]: (1105, 5525) ~ PASS ~ Bottom=False
[222, 1]: (222, 222) ~ PASS ~ Bottom=True
[222, 2]: (444, 888) ~ PASS ~ Bottom=True
[222, 3]: (666, 1998) ~ PASS ~ Bottom=True
[222, 4]: (888, 3552) ~ PASS ~ Bottom=True
[222, 5]: (1110, 5550) ~ PASS ~ Bottom=True
[223, 1]: (223, 223) ~ PASS ~ Bottom=False
[223, 2]: (446, 892) ~ PASS ~ Bottom=True
[223, 3]: (669, 2007) ~ PASS ~ Bottom=False
[223, 4]: (892, 3568) ~ PASS ~ Bottom=True
[223, 5]: (1115, 5575) ~ PASS ~ Bottom=False
[224, 1]: (56, 14) ~ PASS ~ Bottom=True
[224, 2]: (112, 56) ~ PASS ~ Bottom=True
[224, 3]: (168, 126) ~ PASS ~ Bottom=True
[224, 4]: (224, 224) ~ PASS ~ Bottom=True
[224, 5]: (280, 350) ~ PASS ~ Bottom=True
[225, 1]: (15, 1) ~ PASS ~ Bottom=False
[225, 2]: (30, 4) ~ PASS ~ Bottom=True
[225, 3]: (45, 9) ~ PASS ~ Bottom=False
[225, 4]: (60, 16) ~ PASS ~ Bottom=True
[225, 5]: (75, 25) ~ PASS ~ Bottom=False
[226, 1]: (226, 226) ~ PASS ~ Bottom=True
[226, 2]: (452, 904) ~ PASS ~ Bottom=True
[226, 3]: (678, 2034) ~ PASS ~ Bottom=True
[226, 4]: (904, 3616) ~ PASS ~ Bottom=True
[226, 5]: (1130, 5650) ~ PASS ~ Bottom=True
[227, 1]: (227, 227) ~ PASS ~ Bottom=False
[227, 2]: (454, 908) ~ PASS ~ Bottom=True
[227, 3]: (681, 2043) ~ PASS ~ Bottom=False
[227, 4]: (908, 3632) ~ PASS ~ Bottom=True
[227, 5]: (1135, 5675) ~ PASS ~ Bottom=False
[228, 1]: (114, 57) ~ PASS ~ Bottom=True
[228, 2]: (228, 228) ~ PASS ~ Bottom=True
[228, 3]: (342, 513) ~ PASS ~ Bottom=True
[228, 4]: (456, 912) ~ PASS ~ Bottom=True
[228, 5]: (570, 1425) ~ PASS ~ Bottom=True
[229, 1]: (229, 229) ~ PASS ~ Bottom=False
[229, 2]: (458, 916) ~ PASS ~ Bottom=True
[229, 3]: (687, 2061) ~ PASS ~ Bottom=False
[229, 4]: (916, 3664) ~ PASS ~ Bottom=True
[229, 5]: (1145, 5725) ~ PASS ~ Bottom=False
[230, 1]: (230, 230) ~ PASS ~ Bottom=True
[230, 2]: (460, 920) ~ PASS ~ Bottom=True
[230, 3]: (690, 2070) ~ PASS ~ Bottom=True
[230, 4]: (920, 3680) ~ PASS ~ Bottom=True
[230, 5]: (1150, 5750) ~ PASS ~ Bottom=True
[231, 1]: (231, 231) ~ PASS ~ Bottom=False
[231, 2]: (462, 924) ~ PASS ~ Bottom=True
[231, 3]: (693, 2079) ~ PASS ~ Bottom=False
[231, 4]: (924, 3696) ~ PASS ~ Bottom=True
[231, 5]: (1155, 5775) ~ PASS ~ Bottom=False
[232, 1]: (116, 58) ~ PASS ~ Bottom=True
[232, 2]: (232, 232) ~ PASS ~ Bottom=True
[232, 3]: (348, 522) ~ PASS ~ Bottom=True
[232, 4]: (464, 928) ~ PASS ~ Bottom=True
[232, 5]: (580, 1450) ~ PASS ~ Bottom=True
[233, 1]: (233, 233) ~ PASS ~ Bottom=False
[233, 2]: (466, 932) ~ PASS ~ Bottom=True
[233, 3]: (699, 2097) ~ PASS ~ Bottom=False
[233, 4]: (932, 3728) ~ PASS ~ Bottom=True
[233, 5]: (1165, 5825) ~ PASS ~ Bottom=False
[234, 1]: (78, 26) ~ PASS ~ Bottom=True
[234, 2]: (156, 104) ~ PASS ~ Bottom=True
[234, 3]: (234, 234) ~ PASS ~ Bottom=True
[234, 4]: (312, 416) ~ PASS ~ Bottom=True
[234, 5]: (390, 650) ~ PASS ~ Bottom=True
[235, 1]: (235, 235) ~ PASS ~ Bottom=False
[235, 2]: (470, 940) ~ PASS ~ Bottom=True
[235, 3]: (705, 2115) ~ PASS ~ Bottom=False
[235, 4]: (940, 3760) ~ PASS ~ Bottom=True
[235, 5]: (1175, 5875) ~ PASS ~ Bottom=False
[236, 1]: (118, 59) ~ PASS ~ Bottom=True
[236, 2]: (236, 236) ~ PASS ~ Bottom=True
[236, 3]: (354, 531) ~ PASS ~ Bottom=True
[236, 4]: (472, 944) ~ PASS ~ Bottom=True
[236, 5]: (590, 1475) ~ PASS ~ Bottom=True
[237, 1]: (237, 237) ~ PASS ~ Bottom=False
[237, 2]: (474, 948) ~ PASS ~ Bottom=True
[237, 3]: (711, 2133) ~ PASS ~ Bottom=False
[237, 4]: (948, 3792) ~ PASS ~ Bottom=True
[237, 5]: (1185, 5925) ~ PASS ~ Bottom=False
[238, 1]: (238, 238) ~ PASS ~ Bottom=True
[238, 2]: (476, 952) ~ PASS ~ Bottom=True
[238, 3]: (714, 2142) ~ PASS ~ Bottom=True
[238, 4]: (952, 3808) ~ PASS ~ Bottom=True
[238, 5]: (1190, 5950) ~ PASS ~ Bottom=True
[239, 1]: (239, 239) ~ PASS ~ Bottom=False
[239, 2]: (478, 956) ~ PASS ~ Bottom=True
[239, 3]: (717, 2151) ~ PASS ~ Bottom=False
[239, 4]: (956, 3824) ~ PASS ~ Bottom=True
[239, 5]: (1195, 5975) ~ PASS ~ Bottom=False
[240, 1]: (60, 15) ~ PASS ~ Bottom=True
[240, 2]: (120, 60) ~ PASS ~ Bottom=True
[240, 3]: (180, 135) ~ PASS ~ Bottom=True
[240, 4]: (240, 240) ~ PASS ~ Bottom=True
[240, 5]: (300, 375) ~ PASS ~ Bottom=True
[241, 1]: (241, 241) ~ PASS ~ Bottom=False
[241, 2]: (482, 964) ~ PASS ~ Bottom=True
[241, 3]: (723, 2169) ~ PASS ~ Bottom=False
[241, 4]: (964, 3856) ~ PASS ~ Bottom=True
[241, 5]: (1205, 6025) ~ PASS ~ Bottom=False
[242, 1]: (22, 2) ~ PASS ~ Bottom=True
[242, 2]: (44, 8) ~ PASS ~ Bottom=True
[242, 3]: (66, 18) ~ PASS ~ Bottom=True
[242, 4]: (88, 32) ~ PASS ~ Bottom=True
[242, 5]: (110, 50) ~ PASS ~ Bottom=True
[243, 1]: (27, 3) ~ PASS ~ Bottom=False
[243, 2]: (54, 12) ~ PASS ~ Bottom=True
[243, 3]: (81, 27) ~ PASS ~ Bottom=False
[243, 4]: (108, 48) ~ PASS ~ Bottom=True
[243, 5]: (135, 75) ~ PASS ~ Bottom=False
[244, 1]: (122, 61) ~ PASS ~ Bottom=True
[244, 2]: (244, 244) ~ PASS ~ Bottom=True
[244, 3]: (366, 549) ~ PASS ~ Bottom=True
[244, 4]: (488, 976) ~ PASS ~ Bottom=True
[244, 5]: (610, 1525) ~ PASS ~ Bottom=True
[245, 1]: (35, 5) ~ PASS ~ Bottom=False
[245, 2]: (70, 20) ~ PASS ~ Bottom=True
[245, 3]: (105, 45) ~ PASS ~ Bottom=False
[245, 4]: (140, 80) ~ PASS ~ Bottom=True
[245, 5]: (175, 125) ~ PASS ~ Bottom=False
[246, 1]: (246, 246) ~ PASS ~ Bottom=True
[246, 2]: (492, 984) ~ PASS ~ Bottom=True
[246, 3]: (738, 2214) ~ PASS ~ Bottom=True
[246, 4]: (984, 3936) ~ PASS ~ Bottom=True
[246, 5]: (1230, 6150) ~ PASS ~ Bottom=True
[247, 1]: (247, 247) ~ PASS ~ Bottom=False
[247, 2]: (494, 988) ~ PASS ~ Bottom=True
[247, 3]: (741, 2223) ~ PASS ~ Bottom=False
[247, 4]: (988, 3952) ~ PASS ~ Bottom=True
[247, 5]: (1235, 6175) ~ PASS ~ Bottom=False
[248, 1]: (124, 62) ~ PASS ~ Bottom=True
[248, 2]: (248, 248) ~ PASS ~ Bottom=True
[248, 3]: (372, 558) ~ PASS ~ Bottom=True
[248, 4]: (496, 992) ~ PASS ~ Bottom=True
[248, 5]: (620, 1550) ~ PASS ~ Bottom=True
[249, 1]: (249, 249) ~ PASS ~ Bottom=False
[249, 2]: (498, 996) ~ PASS ~ Bottom=True
[249, 3]: (747, 2241) ~ PASS ~ Bottom=False
[249, 4]: (996, 3984) ~ PASS ~ Bottom=True
[249, 5]: (1245, 6225) ~ PASS ~ Bottom=False
[250, 1]: (50, 10) ~ PASS ~ Bottom=True
[250, 2]: (100, 40) ~ PASS ~ Bottom=True
[250, 3]: (150, 90) ~ PASS ~ Bottom=True
[250, 4]: (200, 160) ~ PASS ~ Bottom=True
[250, 5]: (250, 250) ~ PASS ~ Bottom=True
(201, 250, 1, 5) time: 9520.318351 seconds
251
252
253
254
255
256
257
258
259
260
261
262
263
264
265
266
267
268
269
270
271
272
273
274
275
276
277
278
279
280
281
282
283
284
285
286
287
288
289
290
291
292
293
294
295
296
297
298
299
300
[251, 1]: (251, 251) ~ PASS ~ Bottom=False
[251, 2]: (502, 1004) ~ PASS ~ Bottom=True
[251, 3]: (753, 2259) ~ PASS ~ Bottom=False
[251, 4]: (1004, 4016) ~ PASS ~ Bottom=True
[251, 5]: (1255, 6275) ~ PASS ~ Bottom=False
[252, 1]: (42, 7) ~ PASS ~ Bottom=True
[252, 2]: (84, 28) ~ PASS ~ Bottom=True
[252, 3]: (126, 63) ~ PASS ~ Bottom=True
[252, 4]: (168, 112) ~ PASS ~ Bottom=True
[252, 5]: (210, 175) ~ PASS ~ Bottom=True
[253, 1]: (253, 253) ~ PASS ~ Bottom=False
[253, 2]: (506, 1012) ~ PASS ~ Bottom=True
[253, 3]: (759, 2277) ~ PASS ~ Bottom=False
[253, 4]: (1012, 4048) ~ PASS ~ Bottom=True
[253, 5]: (1265, 6325) ~ PASS ~ Bottom=False
[254, 1]: (254, 254) ~ PASS ~ Bottom=True
[254, 2]: (508, 1016) ~ PASS ~ Bottom=True
[254, 3]: (762, 2286) ~ PASS ~ Bottom=True
[254, 4]: (1016, 4064) ~ PASS ~ Bottom=True
[254, 5]: (1270, 6350) ~ PASS ~ Bottom=True
[255, 1]: (255, 255) ~ PASS ~ Bottom=False
[255, 2]: (510, 1020) ~ PASS ~ Bottom=True
[255, 3]: (765, 2295) ~ PASS ~ Bottom=False
[255, 4]: (1020, 4080) ~ PASS ~ Bottom=True
[255, 5]: (1275, 6375) ~ PASS ~ Bottom=False
[256, 1]: (16, 1) ~ PASS ~ Bottom=True
[256, 2]: (32, 4) ~ PASS ~ Bottom=True
[256, 3]: (48, 9) ~ PASS ~ Bottom=True
[256, 4]: (64, 16) ~ PASS ~ Bottom=True
[256, 5]: (80, 25) ~ PASS ~ Bottom=True
[257, 1]: (257, 257) ~ PASS ~ Bottom=False
[257, 2]: (514, 1028) ~ PASS ~ Bottom=True
[257, 3]: (771, 2313) ~ PASS ~ Bottom=False
[257, 4]: (1028, 4112) ~ PASS ~ Bottom=True
[257, 5]: (1285, 6425) ~ PASS ~ Bottom=False
[258, 1]: (258, 258) ~ PASS ~ Bottom=True
[258, 2]: (516, 1032) ~ PASS ~ Bottom=True
[258, 3]: (774, 2322) ~ PASS ~ Bottom=True
[258, 4]: (1032, 4128) ~ PASS ~ Bottom=True
[258, 5]: (1290, 6450) ~ PASS ~ Bottom=True
[259, 1]: (259, 259) ~ PASS ~ Bottom=False
[259, 2]: (518, 1036) ~ PASS ~ Bottom=True
[259, 3]: (777, 2331) ~ PASS ~ Bottom=False
[259, 4]: (1036, 4144) ~ PASS ~ Bottom=True
[259, 5]: (1295, 6475) ~ PASS ~ Bottom=False
[260, 1]: (130, 65) ~ PASS ~ Bottom=True
[260, 2]: (260, 260) ~ PASS ~ Bottom=True
[260, 3]: (390, 585) ~ PASS ~ Bottom=True
[260, 4]: (520, 1040) ~ PASS ~ Bottom=True
[260, 5]: (650, 1625) ~ PASS ~ Bottom=True
[261, 1]: (87, 29) ~ PASS ~ Bottom=False
[261, 2]: (174, 116) ~ PASS ~ Bottom=True
[261, 3]: (261, 261) ~ PASS ~ Bottom=False
[261, 4]: (348, 464) ~ PASS ~ Bottom=True
[261, 5]: (435, 725) ~ PASS ~ Bottom=False
[262, 1]: (262, 262) ~ PASS ~ Bottom=True
[262, 2]: (524, 1048) ~ PASS ~ Bottom=True
[262, 3]: (786, 2358) ~ PASS ~ Bottom=True
[262, 4]: (1048, 4192) ~ PASS ~ Bottom=True
[262, 5]: (1310, 6550) ~ PASS ~ Bottom=True
[263, 1]: (263, 263) ~ PASS ~ Bottom=False
[263, 2]: (526, 1052) ~ PASS ~ Bottom=True
[263, 3]: (789, 2367) ~ PASS ~ Bottom=False
[263, 4]: (1052, 4208) ~ PASS ~ Bottom=True
[263, 5]: (1315, 6575) ~ PASS ~ Bottom=False
[264, 1]: (132, 66) ~ PASS ~ Bottom=True
[264, 2]: (264, 264) ~ PASS ~ Bottom=True
[264, 3]: (396, 594) ~ PASS ~ Bottom=True
[264, 4]: (528, 1056) ~ PASS ~ Bottom=True
[264, 5]: (660, 1650) ~ PASS ~ Bottom=True
[265, 1]: (265, 265) ~ PASS ~ Bottom=False
[265, 2]: (530, 1060) ~ PASS ~ Bottom=True
[265, 3]: (795, 2385) ~ PASS ~ Bottom=False
[265, 4]: (1060, 4240) ~ PASS ~ Bottom=True
[265, 5]: (1325, 6625) ~ PASS ~ Bottom=False
[266, 1]: (266, 266) ~ PASS ~ Bottom=True
[266, 2]: (532, 1064) ~ PASS ~ Bottom=True
[266, 3]: (798, 2394) ~ PASS ~ Bottom=True
[266, 4]: (1064, 4256) ~ PASS ~ Bottom=True
[266, 5]: (1330, 6650) ~ PASS ~ Bottom=True
[267, 1]: (267, 267) ~ PASS ~ Bottom=False
[267, 2]: (534, 1068) ~ PASS ~ Bottom=True
[267, 3]: (801, 2403) ~ PASS ~ Bottom=False
[267, 4]: (1068, 4272) ~ PASS ~ Bottom=True
[267, 5]: (1335, 6675) ~ PASS ~ Bottom=False
[268, 1]: (134, 67) ~ PASS ~ Bottom=True
[268, 2]: (268, 268) ~ PASS ~ Bottom=True
[268, 3]: (402, 603) ~ PASS ~ Bottom=True
[268, 4]: (536, 1072) ~ PASS ~ Bottom=True
[268, 5]: (670, 1675) ~ PASS ~ Bottom=True
[269, 1]: (269, 269) ~ PASS ~ Bottom=False
[269, 2]: (538, 1076) ~ PASS ~ Bottom=True
[269, 3]: (807, 2421) ~ PASS ~ Bottom=False
[269, 4]: (1076, 4304) ~ PASS ~ Bottom=True
[269, 5]: (1345, 6725) ~ PASS ~ Bottom=False
[270, 1]: (90, 30) ~ PASS ~ Bottom=True
[270, 2]: (180, 120) ~ PASS ~ Bottom=True
[270, 3]: (270, 270) ~ PASS ~ Bottom=True
[270, 4]: (360, 480) ~ PASS ~ Bottom=True
[270, 5]: (450, 750) ~ PASS ~ Bottom=True
[271, 1]: (271, 271) ~ PASS ~ Bottom=False
[271, 2]: (542, 1084) ~ PASS ~ Bottom=True
[271, 3]: (813, 2439) ~ PASS ~ Bottom=False
[271, 4]: (1084, 4336) ~ PASS ~ Bottom=True
[271, 5]: (1355, 6775) ~ PASS ~ Bottom=False
[272, 1]: (68, 17) ~ PASS ~ Bottom=True
[272, 2]: (136, 68) ~ PASS ~ Bottom=True
[272, 3]: (204, 153) ~ PASS ~ Bottom=True
[272, 4]: (272, 272) ~ PASS ~ Bottom=True
[272, 5]: (340, 425) ~ PASS ~ Bottom=True
[273, 1]: (273, 273) ~ PASS ~ Bottom=False
[273, 2]: (546, 1092) ~ PASS ~ Bottom=True
[273, 3]: (819, 2457) ~ PASS ~ Bottom=False
[273, 4]: (1092, 4368) ~ PASS ~ Bottom=True
[273, 5]: (1365, 6825) ~ PASS ~ Bottom=False
[274, 1]: (274, 274) ~ PASS ~ Bottom=True
[274, 2]: (548, 1096) ~ PASS ~ Bottom=True
[274, 3]: (822, 2466) ~ PASS ~ Bottom=True
[274, 4]: (1096, 4384) ~ PASS ~ Bottom=True
[274, 5]: (1370, 6850) ~ PASS ~ Bottom=True
[275, 1]: (55, 11) ~ PASS ~ Bottom=False
[275, 2]: (110, 44) ~ PASS ~ Bottom=True
[275, 3]: (165, 99) ~ PASS ~ Bottom=False
[275, 4]: (220, 176) ~ PASS ~ Bottom=True
[275, 5]: (275, 275) ~ PASS ~ Bottom=False
[276, 1]: (138, 69) ~ PASS ~ Bottom=True
[276, 2]: (276, 276) ~ PASS ~ Bottom=True
[276, 3]: (414, 621) ~ PASS ~ Bottom=True
[276, 4]: (552, 1104) ~ PASS ~ Bottom=True
[276, 5]: (690, 1725) ~ PASS ~ Bottom=True
[277, 1]: (277, 277) ~ PASS ~ Bottom=False
[277, 2]: (554, 1108) ~ PASS ~ Bottom=True
[277, 3]: (831, 2493) ~ PASS ~ Bottom=False
[277, 4]: (1108, 4432) ~ PASS ~ Bottom=True
[277, 5]: (1385, 6925) ~ PASS ~ Bottom=False
[278, 1]: (278, 278) ~ PASS ~ Bottom=True
[278, 2]: (556, 1112) ~ PASS ~ Bottom=True
[278, 3]: (834, 2502) ~ PASS ~ Bottom=True
[278, 4]: (1112, 4448) ~ PASS ~ Bottom=True
[278, 5]: (1390, 6950) ~ PASS ~ Bottom=True
[279, 1]: (93, 31) ~ PASS ~ Bottom=False
[279, 2]: (186, 124) ~ PASS ~ Bottom=True
[279, 3]: (279, 279) ~ PASS ~ Bottom=False
[279, 4]: (372, 496) ~ PASS ~ Bottom=True
[279, 5]: (465, 775) ~ PASS ~ Bottom=False
[280, 1]: (140, 70) ~ PASS ~ Bottom=True
[280, 2]: (280, 280) ~ PASS ~ Bottom=True
[280, 3]: (420, 630) ~ PASS ~ Bottom=True
[280, 4]: (560, 1120) ~ PASS ~ Bottom=True
[280, 5]: (700, 1750) ~ PASS ~ Bottom=True
[281, 1]: (281, 281) ~ PASS ~ Bottom=False
[281, 2]: (562, 1124) ~ PASS ~ Bottom=True
[281, 3]: (843, 2529) ~ PASS ~ Bottom=False
[281, 4]: (1124, 4496) ~ PASS ~ Bottom=True
[281, 5]: (1405, 7025) ~ PASS ~ Bottom=False
[282, 1]: (282, 282) ~ PASS ~ Bottom=True
[282, 2]: (564, 1128) ~ PASS ~ Bottom=True
[282, 3]: (846, 2538) ~ PASS ~ Bottom=True
[282, 4]: (1128, 4512) ~ PASS ~ Bottom=True
[282, 5]: (1410, 7050) ~ PASS ~ Bottom=True
[283, 1]: (283, 283) ~ PASS ~ Bottom=False
[283, 2]: (566, 1132) ~ PASS ~ Bottom=True
[283, 3]: (849, 2547) ~ PASS ~ Bottom=False
[283, 4]: (1132, 4528) ~ PASS ~ Bottom=True
[283, 5]: (1415, 7075) ~ PASS ~ Bottom=False
[284, 1]: (142, 71) ~ PASS ~ Bottom=True
[284, 2]: (284, 284) ~ PASS ~ Bottom=True
[284, 3]: (426, 639) ~ PASS ~ Bottom=True
[284, 4]: (568, 1136) ~ PASS ~ Bottom=True
[284, 5]: (710, 1775) ~ PASS ~ Bottom=True
[285, 1]: (285, 285) ~ PASS ~ Bottom=False
[285, 2]: (570, 1140) ~ PASS ~ Bottom=True
[285, 3]: (855, 2565) ~ PASS ~ Bottom=False
[285, 4]: (1140, 4560) ~ PASS ~ Bottom=True
[285, 5]: (1425, 7125) ~ PASS ~ Bottom=False
[286, 1]: (286, 286) ~ PASS ~ Bottom=True
[286, 2]: (572, 1144) ~ PASS ~ Bottom=True
[286, 3]: (858, 2574) ~ PASS ~ Bottom=True
[286, 4]: (1144, 4576) ~ PASS ~ Bottom=True
[286, 5]: (1430, 7150) ~ PASS ~ Bottom=True
[287, 1]: (287, 287) ~ PASS ~ Bottom=False
[287, 2]: (574, 1148) ~ PASS ~ Bottom=True
[287, 3]: (861, 2583) ~ PASS ~ Bottom=False
[287, 4]: (1148, 4592) ~ PASS ~ Bottom=True
[287, 5]: (1435, 7175) ~ PASS ~ Bottom=False
[288, 1]: (24, 2) ~ PASS ~ Bottom=True
[288, 2]: (48, 8) ~ PASS ~ Bottom=True
[288, 3]: (72, 18) ~ PASS ~ Bottom=True
[288, 4]: (96, 32) ~ PASS ~ Bottom=True
[288, 5]: (120, 50) ~ PASS ~ Bottom=True
[289, 1]: (17, 1) ~ PASS ~ Bottom=False
[289, 2]: (34, 4) ~ PASS ~ Bottom=True
[289, 3]: (51, 9) ~ PASS ~ Bottom=False
[289, 4]: (68, 16) ~ PASS ~ Bottom=True
[289, 5]: (85, 25) ~ PASS ~ Bottom=False
[290, 1]: (290, 290) ~ PASS ~ Bottom=True
[290, 2]: (580, 1160) ~ PASS ~ Bottom=True
[290, 3]: (870, 2610) ~ PASS ~ Bottom=True
[290, 4]: (1160, 4640) ~ PASS ~ Bottom=True
[290, 5]: (1450, 7250) ~ PASS ~ Bottom=True
[291, 1]: (291, 291) ~ PASS ~ Bottom=False
[291, 2]: (582, 1164) ~ PASS ~ Bottom=True
[291, 3]: (873, 2619) ~ PASS ~ Bottom=False
[291, 4]: (1164, 4656) ~ PASS ~ Bottom=True
[291, 5]: (1455, 7275) ~ PASS ~ Bottom=False
[292, 1]: (146, 73) ~ PASS ~ Bottom=True
[292, 2]: (292, 292) ~ PASS ~ Bottom=True
[292, 3]: (438, 657) ~ PASS ~ Bottom=True
[292, 4]: (584, 1168) ~ PASS ~ Bottom=True
[292, 5]: (730, 1825) ~ PASS ~ Bottom=True
[293, 1]: (293, 293) ~ PASS ~ Bottom=False
[293, 2]: (586, 1172) ~ PASS ~ Bottom=True
[293, 3]: (879, 2637) ~ PASS ~ Bottom=False
[293, 4]: (1172, 4688) ~ PASS ~ Bottom=True
[293, 5]: (1465, 7325) ~ PASS ~ Bottom=False
[294, 1]: (42, 6) ~ PASS ~ Bottom=True
[294, 2]: (84, 24) ~ PASS ~ Bottom=True
[294, 3]: (126, 54) ~ PASS ~ Bottom=True
[294, 4]: (168, 96) ~ PASS ~ Bottom=True
[294, 5]: (210, 150) ~ PASS ~ Bottom=True
[295, 1]: (295, 295) ~ PASS ~ Bottom=False
[295, 2]: (590, 1180) ~ PASS ~ Bottom=True
[295, 3]: (885, 2655) ~ PASS ~ Bottom=False
[295, 4]: (1180, 4720) ~ PASS ~ Bottom=True
[295, 5]: (1475, 7375) ~ PASS ~ Bottom=False
[296, 1]: (148, 74) ~ PASS ~ Bottom=True
[296, 2]: (296, 296) ~ PASS ~ Bottom=True
[296, 3]: (444, 666) ~ PASS ~ Bottom=True
[296, 4]: (592, 1184) ~ PASS ~ Bottom=True
[296, 5]: (740, 1850) ~ PASS ~ Bottom=True
[297, 1]: (99, 33) ~ PASS ~ Bottom=False
[297, 2]: (198, 132) ~ PASS ~ Bottom=True
[297, 3]: (297, 297) ~ PASS ~ Bottom=False
[297, 4]: (396, 528) ~ PASS ~ Bottom=True
[297, 5]: (495, 825) ~ PASS ~ Bottom=False
[298, 1]: (298, 298) ~ PASS ~ Bottom=True
[298, 2]: (596, 1192) ~ PASS ~ Bottom=True
[298, 3]: (894, 2682) ~ PASS ~ Bottom=True
[298, 4]: (1192, 4768) ~ PASS ~ Bottom=True
[298, 5]: (1490, 7450) ~ PASS ~ Bottom=True
[299, 1]: (299, 299) ~ PASS ~ Bottom=False
[299, 2]: (598, 1196) ~ PASS ~ Bottom=True
[299, 3]: (897, 2691) ~ PASS ~ Bottom=False
[299, 4]: (1196, 4784) ~ PASS ~ Bottom=True
[299, 5]: (1495, 7475) ~ PASS ~ Bottom=False
[300, 1]: (30, 3) ~ PASS ~ Bottom=True
[300, 2]: (60, 12) ~ PASS ~ Bottom=True
[300, 3]: (90, 27) ~ PASS ~ Bottom=True
[300, 4]: (120, 48) ~ PASS ~ Bottom=True
[300, 5]: (150, 75) ~ PASS ~ Bottom=True
(251, 300, 1, 5) time: 18947.243762 seconds
301
302
303
304
305
306
307
308
309
310
311
312
313
314
315
316
317
318
319
320
321
322
323
324
325
326
327
328
329
330
331
332
333
334
335
336
337
338
339
340
341
342
343
344
345
346
347
348
349
350
[301, 1]: (301, 301) ~ PASS ~ Bottom=False
[301, 2]: (602, 1204) ~ PASS ~ Bottom=True
[301, 3]: (903, 2709) ~ PASS ~ Bottom=False
[301, 4]: (1204, 4816) ~ PASS ~ Bottom=True
[301, 5]: (1505, 7525) ~ PASS ~ Bottom=False
[302, 1]: (302, 302) ~ PASS ~ Bottom=True
[302, 2]: (604, 1208) ~ PASS ~ Bottom=True
[302, 3]: (906, 2718) ~ PASS ~ Bottom=True
[302, 4]: (1208, 4832) ~ PASS ~ Bottom=True
[302, 5]: (1510, 7550) ~ PASS ~ Bottom=True
[303, 1]: (303, 303) ~ PASS ~ Bottom=False
[303, 2]: (606, 1212) ~ PASS ~ Bottom=True
[303, 3]: (909, 2727) ~ PASS ~ Bottom=False
[303, 4]: (1212, 4848) ~ PASS ~ Bottom=True
[303, 5]: (1515, 7575) ~ PASS ~ Bottom=False
[304, 1]: (76, 19) ~ PASS ~ Bottom=True
[304, 2]: (152, 76) ~ PASS ~ Bottom=True
[304, 3]: (228, 171) ~ PASS ~ Bottom=True
[304, 4]: (304, 304) ~ PASS ~ Bottom=True
[304, 5]: (380, 475) ~ PASS ~ Bottom=True
[305, 1]: (305, 305) ~ PASS ~ Bottom=False
[305, 2]: (610, 1220) ~ PASS ~ Bottom=True
[305, 3]: (915, 2745) ~ PASS ~ Bottom=False
[305, 4]: (1220, 4880) ~ PASS ~ Bottom=True
[305, 5]: (1525, 7625) ~ PASS ~ Bottom=False
[306, 1]: (102, 34) ~ PASS ~ Bottom=True
[306, 2]: (204, 136) ~ PASS ~ Bottom=True
[306, 3]: (306, 306) ~ PASS ~ Bottom=True
[306, 4]: (408, 544) ~ PASS ~ Bottom=True
[306, 5]: (510, 850) ~ PASS ~ Bottom=True
[307, 1]: (307, 307) ~ PASS ~ Bottom=False
[307, 2]: (614, 1228) ~ PASS ~ Bottom=True
[307, 3]: (921, 2763) ~ PASS ~ Bottom=False
[307, 4]: (1228, 4912) ~ PASS ~ Bottom=True
[307, 5]: (1535, 7675) ~ PASS ~ Bottom=False
[308, 1]: (154, 77) ~ PASS ~ Bottom=True
[308, 2]: (308, 308) ~ PASS ~ Bottom=True
[308, 3]: (462, 693) ~ PASS ~ Bottom=True
[308, 4]: (616, 1232) ~ PASS ~ Bottom=True
[308, 5]: (770, 1925) ~ PASS ~ Bottom=True
[309, 1]: (309, 309) ~ PASS ~ Bottom=False
[309, 2]: (618, 1236) ~ PASS ~ Bottom=True
[309, 3]: (927, 2781) ~ PASS ~ Bottom=False
[309, 4]: (1236, 4944) ~ PASS ~ Bottom=True
[309, 5]: (1545, 7725) ~ PASS ~ Bottom=False
[310, 1]: (310, 310) ~ PASS ~ Bottom=True
[310, 2]: (620, 1240) ~ PASS ~ Bottom=True
[310, 3]: (930, 2790) ~ PASS ~ Bottom=True
[310, 4]: (1240, 4960) ~ PASS ~ Bottom=True
[310, 5]: (1550, 7750) ~ PASS ~ Bottom=True
[311, 1]: (311, 311) ~ PASS ~ Bottom=False
[311, 2]: (622, 1244) ~ PASS ~ Bottom=True
[311, 3]: (933, 2799) ~ PASS ~ Bottom=False
[311, 4]: (1244, 4976) ~ PASS ~ Bottom=True
[311, 5]: (1555, 7775) ~ PASS ~ Bottom=False
[312, 1]: (156, 78) ~ PASS ~ Bottom=True
[312, 2]: (312, 312) ~ PASS ~ Bottom=True
[312, 3]: (468, 702) ~ PASS ~ Bottom=True
[312, 4]: (624, 1248) ~ PASS ~ Bottom=True
[312, 5]: (780, 1950) ~ PASS ~ Bottom=True
[313, 1]: (313, 313) ~ PASS ~ Bottom=False
[313, 2]: (626, 1252) ~ PASS ~ Bottom=True
[313, 3]: (939, 2817) ~ PASS ~ Bottom=False
[313, 4]: (1252, 5008) ~ PASS ~ Bottom=True
[313, 5]: (1565, 7825) ~ PASS ~ Bottom=False
[314, 1]: (314, 314) ~ PASS ~ Bottom=True
[314, 2]: (628, 1256) ~ PASS ~ Bottom=True
[314, 3]: (942, 2826) ~ PASS ~ Bottom=True
[314, 4]: (1256, 5024) ~ PASS ~ Bottom=True
[314, 5]: (1570, 7850) ~ PASS ~ Bottom=True
[315, 1]: (105, 35) ~ PASS ~ Bottom=False
[315, 2]: (210, 140) ~ PASS ~ Bottom=True
[315, 3]: (315, 315) ~ PASS ~ Bottom=False
[315, 4]: (420, 560) ~ PASS ~ Bottom=True
[315, 5]: (525, 875) ~ PASS ~ Bottom=False
[316, 1]: (158, 79) ~ PASS ~ Bottom=True
[316, 2]: (316, 316) ~ PASS ~ Bottom=True
[316, 3]: (474, 711) ~ PASS ~ Bottom=True
[316, 4]: (632, 1264) ~ PASS ~ Bottom=True
[316, 5]: (790, 1975) ~ PASS ~ Bottom=True
[317, 1]: (317, 317) ~ PASS ~ Bottom=False
[317, 2]: (634, 1268) ~ PASS ~ Bottom=True
[317, 3]: (951, 2853) ~ PASS ~ Bottom=False
[317, 4]: (1268, 5072) ~ PASS ~ Bottom=True
[317, 5]: (1585, 7925) ~ PASS ~ Bottom=False
[318, 1]: (318, 318) ~ PASS ~ Bottom=True
[318, 2]: (636, 1272) ~ PASS ~ Bottom=True
[318, 3]: (954, 2862) ~ PASS ~ Bottom=True
[318, 4]: (1272, 5088) ~ PASS ~ Bottom=True
[318, 5]: (1590, 7950) ~ PASS ~ Bottom=True
[319, 1]: (319, 319) ~ PASS ~ Bottom=False
[319, 2]: (638, 1276) ~ PASS ~ Bottom=True
[319, 3]: (957, 2871) ~ PASS ~ Bottom=False
[319, 4]: (1276, 5104) ~ PASS ~ Bottom=True
[319, 5]: (1595, 7975) ~ PASS ~ Bottom=False
[320, 1]: (40, 5) ~ PASS ~ Bottom=True
[320, 2]: (80, 20) ~ PASS ~ Bottom=True
[320, 3]: (120, 45) ~ PASS ~ Bottom=True
[320, 4]: (160, 80) ~ PASS ~ Bottom=True
[320, 5]: (200, 125) ~ PASS ~ Bottom=True
[321, 1]: (321, 321) ~ PASS ~ Bottom=False
[321, 2]: (642, 1284) ~ PASS ~ Bottom=True
[321, 3]: (963, 2889) ~ PASS ~ Bottom=False
[321, 4]: (1284, 5136) ~ PASS ~ Bottom=True
[321, 5]: (1605, 8025) ~ PASS ~ Bottom=False
[322, 1]: (322, 322) ~ PASS ~ Bottom=True
[322, 2]: (644, 1288) ~ PASS ~ Bottom=True
[322, 3]: (966, 2898) ~ PASS ~ Bottom=True
[322, 4]: (1288, 5152) ~ PASS ~ Bottom=True
[322, 5]: (1610, 8050) ~ PASS ~ Bottom=True
[323, 1]: (323, 323) ~ PASS ~ Bottom=False
[323, 2]: (646, 1292) ~ PASS ~ Bottom=True
[323, 3]: (969, 2907) ~ PASS ~ Bottom=False
[323, 4]: (1292, 5168) ~ PASS ~ Bottom=True
[323, 5]: (1615, 8075) ~ PASS ~ Bottom=False
[324, 1]: (18, 1) ~ PASS ~ Bottom=True
[324, 2]: (36, 4) ~ PASS ~ Bottom=True
[324, 3]: (54, 9) ~ PASS ~ Bottom=True
[324, 4]: (72, 16) ~ PASS ~ Bottom=True
[324, 5]: (90, 25) ~ PASS ~ Bottom=True
[325, 1]: (65, 13) ~ PASS ~ Bottom=False
[325, 2]: (130, 52) ~ PASS ~ Bottom=True
[325, 3]: (195, 117) ~ PASS ~ Bottom=False
[325, 4]: (260, 208) ~ PASS ~ Bottom=True
[325, 5]: (325, 325) ~ PASS ~ Bottom=False
[326, 1]: (326, 326) ~ PASS ~ Bottom=True
[326, 2]: (652, 1304) ~ PASS ~ Bottom=True
[326, 3]: (978, 2934) ~ PASS ~ Bottom=True
[326, 4]: (1304, 5216) ~ PASS ~ Bottom=True
[326, 5]: (1630, 8150) ~ PASS ~ Bottom=True
[327, 1]: (327, 327) ~ PASS ~ Bottom=False
[327, 2]: (654, 1308) ~ PASS ~ Bottom=True
[327, 3]: (981, 2943) ~ PASS ~ Bottom=False
[327, 4]: (1308, 5232) ~ PASS ~ Bottom=True
[327, 5]: (1635, 8175) ~ PASS ~ Bottom=False
[328, 1]: (164, 82) ~ PASS ~ Bottom=True
[328, 2]: (328, 328) ~ PASS ~ Bottom=True
[328, 3]: (492, 738) ~ PASS ~ Bottom=True
[328, 4]: (656, 1312) ~ PASS ~ Bottom=True
[328, 5]: (820, 2050) ~ PASS ~ Bottom=True
[329, 1]: (329, 329) ~ PASS ~ Bottom=False
[329, 2]: (658, 1316) ~ PASS ~ Bottom=True
[329, 3]: (987, 2961) ~ PASS ~ Bottom=False
[329, 4]: (1316, 5264) ~ PASS ~ Bottom=True
[329, 5]: (1645, 8225) ~ PASS ~ Bottom=False
[330, 1]: (330, 330) ~ PASS ~ Bottom=True
[330, 2]: (660, 1320) ~ PASS ~ Bottom=True
[330, 3]: (990, 2970) ~ PASS ~ Bottom=True
[330, 4]: (1320, 5280) ~ PASS ~ Bottom=True
[330, 5]: (1650, 8250) ~ PASS ~ Bottom=True
[331, 1]: (331, 331) ~ PASS ~ Bottom=False
[331, 2]: (662, 1324) ~ PASS ~ Bottom=True
[331, 3]: (993, 2979) ~ PASS ~ Bottom=False
[331, 4]: (1324, 5296) ~ PASS ~ Bottom=True
[331, 5]: (1655, 8275) ~ PASS ~ Bottom=False
[332, 1]: (166, 83) ~ PASS ~ Bottom=True
[332, 2]: (332, 332) ~ PASS ~ Bottom=True
[332, 3]: (498, 747) ~ PASS ~ Bottom=True
[332, 4]: (664, 1328) ~ PASS ~ Bottom=True
[332, 5]: (830, 2075) ~ PASS ~ Bottom=True
[333, 1]: (111, 37) ~ PASS ~ Bottom=False
[333, 2]: (222, 148) ~ PASS ~ Bottom=True
[333, 3]: (333, 333) ~ PASS ~ Bottom=False
[333, 4]: (444, 592) ~ PASS ~ Bottom=True
[333, 5]: (555, 925) ~ PASS ~ Bottom=False
[334, 1]: (334, 334) ~ PASS ~ Bottom=True
[334, 2]: (668, 1336) ~ PASS ~ Bottom=True
[334, 3]: (1002, 3006) ~ PASS ~ Bottom=True
[334, 4]: (1336, 5344) ~ PASS ~ Bottom=True
[334, 5]: (1670, 8350) ~ PASS ~ Bottom=True
[335, 1]: (335, 335) ~ PASS ~ Bottom=False
[335, 2]: (670, 1340) ~ PASS ~ Bottom=True
[335, 3]: (1005, 3015) ~ PASS ~ Bottom=False
[335, 4]: (1340, 5360) ~ PASS ~ Bottom=True
[335, 5]: (1675, 8375) ~ PASS ~ Bottom=False
[336, 1]: (84, 21) ~ PASS ~ Bottom=True
[336, 2]: (168, 84) ~ PASS ~ Bottom=True
[336, 3]: (252, 189) ~ PASS ~ Bottom=True
[336, 4]: (336, 336) ~ PASS ~ Bottom=True
[336, 5]: (420, 525) ~ PASS ~ Bottom=True
[337, 1]: (337, 337) ~ PASS ~ Bottom=False
[337, 2]: (674, 1348) ~ PASS ~ Bottom=True
[337, 3]: (1011, 3033) ~ PASS ~ Bottom=False
[337, 4]: (1348, 5392) ~ PASS ~ Bottom=True
[337, 5]: (1685, 8425) ~ PASS ~ Bottom=False
[338, 1]: (26, 2) ~ PASS ~ Bottom=True
[338, 2]: (52, 8) ~ PASS ~ Bottom=True
[338, 3]: (78, 18) ~ PASS ~ Bottom=True
[338, 4]: (104, 32) ~ PASS ~ Bottom=True
[338, 5]: (130, 50) ~ PASS ~ Bottom=True
[339, 1]: (339, 339) ~ PASS ~ Bottom=False
[339, 2]: (678, 1356) ~ PASS ~ Bottom=True
[339, 3]: (1017, 3051) ~ PASS ~ Bottom=False
[339, 4]: (1356, 5424) ~ PASS ~ Bottom=True
[339, 5]: (1695, 8475) ~ PASS ~ Bottom=False
[340, 1]: (170, 85) ~ PASS ~ Bottom=True
[340, 2]: (340, 340) ~ PASS ~ Bottom=True
[340, 3]: (510, 765) ~ PASS ~ Bottom=True
[340, 4]: (680, 1360) ~ PASS ~ Bottom=True
[340, 5]: (850, 2125) ~ PASS ~ Bottom=True
[341, 1]: (341, 341) ~ PASS ~ Bottom=False
[341, 2]: (682, 1364) ~ PASS ~ Bottom=True
[341, 3]: (1023, 3069) ~ PASS ~ Bottom=False
[341, 4]: (1364, 5456) ~ PASS ~ Bottom=True
[341, 5]: (1705, 8525) ~ PASS ~ Bottom=False
[342, 1]: (114, 38) ~ PASS ~ Bottom=True
[342, 2]: (228, 152) ~ PASS ~ Bottom=True
[342, 3]: (342, 342) ~ PASS ~ Bottom=True
[342, 4]: (456, 608) ~ PASS ~ Bottom=True
[342, 5]: (570, 950) ~ PASS ~ Bottom=True
[343, 1]: (49, 7) ~ PASS ~ Bottom=False
[343, 2]: (98, 28) ~ PASS ~ Bottom=True
[343, 3]: (147, 63) ~ PASS ~ Bottom=False
[343, 4]: (196, 112) ~ PASS ~ Bottom=True
[343, 5]: (245, 175) ~ PASS ~ Bottom=False
[344, 1]: (172, 86) ~ PASS ~ Bottom=True
[344, 2]: (344, 344) ~ PASS ~ Bottom=True
[344, 3]: (516, 774) ~ PASS ~ Bottom=True
[344, 4]: (688, 1376) ~ PASS ~ Bottom=True
[344, 5]: (860, 2150) ~ PASS ~ Bottom=True
[345, 1]: (345, 345) ~ PASS ~ Bottom=False
[345, 2]: (690, 1380) ~ PASS ~ Bottom=True
[345, 3]: (1035, 3105) ~ PASS ~ Bottom=False
[345, 4]: (1380, 5520) ~ PASS ~ Bottom=True
[345, 5]: (1725, 8625) ~ PASS ~ Bottom=False
[346, 1]: (346, 346) ~ PASS ~ Bottom=True
[346, 2]: (692, 1384) ~ PASS ~ Bottom=True
[346, 3]: (1038, 3114) ~ PASS ~ Bottom=True
[346, 4]: (1384, 5536) ~ PASS ~ Bottom=True
[346, 5]: (1730, 8650) ~ PASS ~ Bottom=True
[347, 1]: (347, 347) ~ PASS ~ Bottom=False
[347, 2]: (694, 1388) ~ PASS ~ Bottom=True
[347, 3]: (1041, 3123) ~ PASS ~ Bottom=False
[347, 4]: (1388, 5552) ~ PASS ~ Bottom=True
[347, 5]: (1735, 8675) ~ PASS ~ Bottom=False
[348, 1]: (174, 87) ~ PASS ~ Bottom=True
[348, 2]: (348, 348) ~ PASS ~ Bottom=True
[348, 3]: (522, 783) ~ PASS ~ Bottom=True
[348, 4]: (696, 1392) ~ PASS ~ Bottom=True
[348, 5]: (870, 2175) ~ PASS ~ Bottom=True
[349, 1]: (349, 349) ~ PASS ~ Bottom=False
[349, 2]: (698, 1396) ~ PASS ~ Bottom=True
[349, 3]: (1047, 3141) ~ PASS ~ Bottom=False
[349, 4]: (1396, 5584) ~ PASS ~ Bottom=True
[349, 5]: (1745, 8725) ~ PASS ~ Bottom=False
[350, 1]: (70, 14) ~ PASS ~ Bottom=True
[350, 2]: (140, 56) ~ PASS ~ Bottom=True
[350, 3]: (210, 126) ~ PASS ~ Bottom=True
[350, 4]: (280, 224) ~ PASS ~ Bottom=True
[350, 5]: (350, 350) ~ PASS ~ Bottom=True
(301, 350, 1, 5) time: 33887.754251 seconds
351
352
353
354
355
356
357
358
359
